2023-11-04 22:25:25,179 [INFO] Activator:177 - 


2023-11-04 22:25:25,181 [INFO] Activator:178 - !SESSION log4j initialized
2023-11-04 22:25:32,462 [INFO] McuFinderGlobals:39 - Set McuFinder mode to 2 (CubeIDE integrated)
2023-11-04 22:25:32,912 [INFO] ApplicationProperties:181 - Using Application install path: C:\ST\STM32CubeIDE_1.7.0\STM32CubeIDE\plugins\com.st.stm32cube.common.mx_6.3.0.202107141111
2023-11-04 22:25:32,927 [INFO] DbMcusXml:74 - Set database path to: C:\ST\STM32CubeIDE_1.7.0\STM32CubeIDE\plugins\com.st.stm32cube.common.mx_6.3.0.202107141111\\db\/mcu/
2023-11-04 22:25:32,932 [INFO] DbBoardsPdsc:56 - Set plugin database path to: C:\ST\STM32CubeIDE_1.7.0\STM32CubeIDE\plugins\com.st.stm32cube.common.mx_6.3.0.202107141111\\db\/plugins/boardmanager/
2023-11-04 22:25:32,933 [INFO] DbMcus:258 - Set plugin images path to: C:\ST\STM32CubeIDE_1.7.0\STM32CubeIDE\plugins\com.st.stm32cube.common.mx_6.3.0.202107141111\\db\/plugins/mcufinder/images/
2023-11-04 22:25:32,933 [INFO] DbBoards:264 - Set plugin images path to: C:\ST\STM32CubeIDE_1.7.0\STM32CubeIDE\plugins\com.st.stm32cube.common.mx_6.3.0.202107141111\\db\/plugins/mcufinder/images/
2023-11-04 22:25:32,936 [INFO] DbExamples:333 - Set plugin images path to: C:\ST\STM32CubeIDE_1.7.0\STM32CubeIDE\plugins\com.st.stm32cube.common.mx_6.3.0.202107141111\\db\/plugins/mcufinder/images/
2023-11-04 22:25:32,946 [INFO] DbMcusAds:119 - Set database path to: C:\Users\Admin\.stmcufinder\plugins\mcufinder//mcu/
2023-11-04 22:25:32,947 [INFO] DbMcusDocs:110 - Set database path to: C:\Users\Admin\.stmcufinder\plugins\mcufinder//mcu/
2023-11-04 22:25:32,950 [INFO] DbMcusJson:64 - Set database path to: C:\Users\Admin\.stmcufinder\plugins\mcufinder//mcu/
2023-11-04 22:25:32,950 [INFO] DbBoardsDocs:110 - Set database path to: C:\Users\Admin\.stmcufinder\plugins\mcufinder//mcu/
2023-11-04 22:25:32,951 [INFO] DbBoardsJson:57 - Set database path to: C:\Users\Admin\.stmcufinder\plugins\mcufinder//mcu/
2023-11-04 22:25:32,955 [INFO] CrossReferenceDbSqlite:196 - Set database path to: C:\Users\Admin\.stmcufinder\plugins\mcufinder//mcu/cs/
2023-11-04 22:25:32,959 [INFO] DbExamplesSqlite:767 - Set database path to: C:\Users\Admin\.stmcufinder\plugins\mcufinder//mcu/
2023-11-04 22:25:33,082 [INFO] RulesReader:57 - Compatibility file has been processed (242 Rules)
2023-11-04 22:25:33,192 [INFO] DbMcusXml:74 - Set database path to: C:\ST\STM32CubeIDE_1.7.0\STM32CubeIDE\plugins\com.st.stm32cube.common.mx_6.3.0.202107141111\\db\/mcu/
2023-11-04 22:25:33,194 [INFO] DbBoardsPdsc:56 - Set plugin database path to: C:\ST\STM32CubeIDE_1.7.0\STM32CubeIDE\plugins\com.st.stm32cube.common.mx_6.3.0.202107141111\\db\/plugins/boardmanager/
2023-11-04 22:25:33,194 [INFO] DbMcus:258 - Set plugin images path to: C:\ST\STM32CubeIDE_1.7.0\STM32CubeIDE\plugins\com.st.stm32cube.common.mx_6.3.0.202107141111\\db\/plugins/mcufinder/images/
2023-11-04 22:25:33,194 [INFO] DbBoards:264 - Set plugin images path to: C:\ST\STM32CubeIDE_1.7.0\STM32CubeIDE\plugins\com.st.stm32cube.common.mx_6.3.0.202107141111\\db\/plugins/mcufinder/images/
2023-11-04 22:25:33,195 [INFO] DbExamples:333 - Set plugin images path to: C:\ST\STM32CubeIDE_1.7.0\STM32CubeIDE\plugins\com.st.stm32cube.common.mx_6.3.0.202107141111\\db\/plugins/mcufinder/images/
2023-11-04 22:25:33,195 [WARN] DbFile:35 - Overriding database path with different value: C:\Users\Admin\.stmcufinder\plugins\mcufinder/ => C:\Users\Admin\.stmcufinder\plugins\mcufinder
2023-11-04 22:25:33,195 [INFO] DbMcusAds:119 - Set database path to: C:\Users\Admin\.stmcufinder\plugins\mcufinder//mcu/
2023-11-04 22:25:33,195 [WARN] DbFile:35 - Overriding database path with different value: C:\Users\Admin\.stmcufinder\plugins\mcufinder/ => C:\Users\Admin\.stmcufinder\plugins\mcufinder
2023-11-04 22:25:33,195 [INFO] DbMcusDocs:110 - Set database path to: C:\Users\Admin\.stmcufinder\plugins\mcufinder//mcu/
2023-11-04 22:25:33,196 [WARN] DbFile:35 - Overriding database path with different value: C:\Users\Admin\.stmcufinder\plugins\mcufinder/ => C:\Users\Admin\.stmcufinder\plugins\mcufinder
2023-11-04 22:25:33,196 [INFO] DbMcusJson:64 - Set database path to: C:\Users\Admin\.stmcufinder\plugins\mcufinder//mcu/
2023-11-04 22:25:33,196 [WARN] DbFile:35 - Overriding database path with different value: C:\Users\Admin\.stmcufinder\plugins\mcufinder/ => C:\Users\Admin\.stmcufinder\plugins\mcufinder
2023-11-04 22:25:33,196 [INFO] DbBoardsDocs:110 - Set database path to: C:\Users\Admin\.stmcufinder\plugins\mcufinder//mcu/
2023-11-04 22:25:33,196 [WARN] DbFile:35 - Overriding database path with different value: C:\Users\Admin\.stmcufinder\plugins\mcufinder/ => C:\Users\Admin\.stmcufinder\plugins\mcufinder
2023-11-04 22:25:33,197 [INFO] DbBoardsJson:57 - Set database path to: C:\Users\Admin\.stmcufinder\plugins\mcufinder//mcu/
2023-11-04 22:25:33,197 [WARN] DbFile:35 - Overriding database path with different value: C:\Users\Admin\.stmcufinder\plugins\mcufinder/ => C:\Users\Admin\.stmcufinder\plugins\mcufinder
2023-11-04 22:25:33,197 [WARN] DbFile:35 - Overriding database path with different value: C:\Users\Admin\.stmcufinder\plugins\mcufinder/ => C:\Users\Admin\.stmcufinder\plugins\mcufinder
2023-11-04 22:25:33,197 [INFO] CrossReferenceDbSqlite:196 - Set database path to: C:\Users\Admin\.stmcufinder\plugins\mcufinder//mcu/cs/
2023-11-04 22:25:33,197 [WARN] DbFile:35 - Overriding database path with different value: C:\Users\Admin\.stmcufinder\plugins\mcufinder/ => C:\Users\Admin\.stmcufinder\plugins\mcufinder
2023-11-04 22:25:33,197 [INFO] DbExamplesSqlite:767 - Set database path to: C:\Users\Admin\.stmcufinder\plugins\mcufinder//mcu/
2023-11-04 22:25:33,286 [INFO] MainPanel:214 - HeapMemory: 268435456
2023-11-04 22:25:33,408 [INFO] DbMcusXml:74 - Set database path to: C:\ST\STM32CubeIDE_1.7.0\STM32CubeIDE\plugins\com.st.stm32cube.common.mx_6.3.0.202107141111\\db\/mcu/
2023-11-04 22:25:33,408 [INFO] DbBoardsPdsc:56 - Set plugin database path to: C:\ST\STM32CubeIDE_1.7.0\STM32CubeIDE\plugins\com.st.stm32cube.common.mx_6.3.0.202107141111\\db\/plugins/boardmanager/
2023-11-04 22:25:33,408 [INFO] DbMcus:258 - Set plugin images path to: C:\ST\STM32CubeIDE_1.7.0\STM32CubeIDE\plugins\com.st.stm32cube.common.mx_6.3.0.202107141111\\db\/plugins/mcufinder/images/
2023-11-04 22:25:33,409 [INFO] DbBoards:264 - Set plugin images path to: C:\ST\STM32CubeIDE_1.7.0\STM32CubeIDE\plugins\com.st.stm32cube.common.mx_6.3.0.202107141111\\db\/plugins/mcufinder/images/
2023-11-04 22:25:33,409 [INFO] DbExamples:333 - Set plugin images path to: C:\ST\STM32CubeIDE_1.7.0\STM32CubeIDE\plugins\com.st.stm32cube.common.mx_6.3.0.202107141111\\db\/plugins/mcufinder/images/
2023-11-04 22:25:33,409 [WARN] DbFile:35 - Overriding database path with different value: C:\Users\Admin\.stmcufinder\plugins\mcufinder/ => C:\Users\Admin\.stmcufinder\plugins\mcufinder
2023-11-04 22:25:33,409 [INFO] DbMcusAds:119 - Set database path to: C:\Users\Admin\.stmcufinder\plugins\mcufinder//mcu/
2023-11-04 22:25:33,410 [WARN] DbFile:35 - Overriding database path with different value: C:\Users\Admin\.stmcufinder\plugins\mcufinder/ => C:\Users\Admin\.stmcufinder\plugins\mcufinder
2023-11-04 22:25:33,410 [INFO] DbMcusDocs:110 - Set database path to: C:\Users\Admin\.stmcufinder\plugins\mcufinder//mcu/
2023-11-04 22:25:33,410 [WARN] DbFile:35 - Overriding database path with different value: C:\Users\Admin\.stmcufinder\plugins\mcufinder/ => C:\Users\Admin\.stmcufinder\plugins\mcufinder
2023-11-04 22:25:33,410 [INFO] DbMcusJson:64 - Set database path to: C:\Users\Admin\.stmcufinder\plugins\mcufinder//mcu/
2023-11-04 22:25:33,410 [WARN] DbFile:35 - Overriding database path with different value: C:\Users\Admin\.stmcufinder\plugins\mcufinder/ => C:\Users\Admin\.stmcufinder\plugins\mcufinder
2023-11-04 22:25:33,410 [INFO] DbBoardsDocs:110 - Set database path to: C:\Users\Admin\.stmcufinder\plugins\mcufinder//mcu/
2023-11-04 22:25:33,410 [WARN] DbFile:35 - Overriding database path with different value: C:\Users\Admin\.stmcufinder\plugins\mcufinder/ => C:\Users\Admin\.stmcufinder\plugins\mcufinder
2023-11-04 22:25:33,410 [INFO] DbBoardsJson:57 - Set database path to: C:\Users\Admin\.stmcufinder\plugins\mcufinder//mcu/
2023-11-04 22:25:33,410 [WARN] DbFile:35 - Overriding database path with different value: C:\Users\Admin\.stmcufinder\plugins\mcufinder/ => C:\Users\Admin\.stmcufinder\plugins\mcufinder
2023-11-04 22:25:33,410 [WARN] DbFile:35 - Overriding database path with different value: C:\Users\Admin\.stmcufinder\plugins\mcufinder/ => C:\Users\Admin\.stmcufinder\plugins\mcufinder
2023-11-04 22:25:33,411 [INFO] CrossReferenceDbSqlite:196 - Set database path to: C:\Users\Admin\.stmcufinder\plugins\mcufinder//mcu/cs/
2023-11-04 22:25:33,411 [WARN] DbFile:35 - Overriding database path with different value: C:\Users\Admin\.stmcufinder\plugins\mcufinder/ => C:\Users\Admin\.stmcufinder\plugins\mcufinder
2023-11-04 22:25:33,411 [INFO] DbExamplesSqlite:767 - Set database path to: C:\Users\Admin\.stmcufinder\plugins\mcufinder//mcu/
2023-11-04 22:25:33,436 [INFO] ApplicationProperties:181 - Using Application install path: C:\ST\STM32CubeIDE_1.7.0\STM32CubeIDE\plugins\com.st.stm32cube.common.mx_6.3.0.202107141111
2023-11-04 22:25:33,437 [INFO] PluginManage:188 - Search for loadable plugins [exclusion list=, ]
2023-11-04 22:25:33,438 [INFO] PluginManage:302 - Check plugin analytics
2023-11-04 22:25:33,627 [INFO] AnalyticsPlugin:257 - Accepted Software Licenses: 
2023-11-04 22:25:33,627 [INFO] AnalyticsPlugin:259 - Accepted CMSIS Pack Licenses: 
2023-11-04 22:25:33,628 [INFO] AnalyticsPlugin:261 - Accepted Firmware Licenses: 
2023-11-04 22:25:33,628 [INFO] PluginManage:352 - Loaded plugin analytics (category:tool,tabindex:-1)
2023-11-04 22:25:33,628 [INFO] PluginManage:302 - Check plugin clock
2023-11-04 22:25:33,678 [INFO] PluginManage:352 - Loaded plugin clock (category:base,tabindex:2)
2023-11-04 22:25:33,678 [INFO] PluginManage:302 - Check plugin ddr
2023-11-04 22:25:33,683 [INFO] PluginManage:352 - Loaded plugin ddr (category:tool,tabindex:6)
2023-11-04 22:25:33,684 [INFO] PluginManage:302 - Check plugin filemanager
2023-11-04 22:25:33,842 [INFO] PluginManage:352 - Loaded plugin filemanager (category:base,tabindex:10)
2023-11-04 22:25:33,843 [INFO] PluginManage:302 - Check plugin ipmanager
2023-11-04 22:25:33,853 [INFO] PluginManage:352 - Loaded plugin ipmanager (category:base,tabindex:5)
2023-11-04 22:25:33,853 [INFO] PluginManage:302 - Check plugin pinoutandconfiguration
2023-11-04 22:25:33,873 [INFO] PluginManage:352 - Loaded plugin pinoutandconfiguration (category:base,tabindex:1)
2023-11-04 22:25:33,874 [INFO] PluginManage:302 - Check plugin pinoutconfig
2023-11-04 22:25:33,917 [INFO] PluginManage:352 - Loaded plugin pinoutconfig (category:base,tabindex:0)
2023-11-04 22:25:33,918 [INFO] PluginManage:302 - Check plugin power
2023-11-04 22:25:33,941 [INFO] PluginManage:352 - Loaded plugin power (category:power,tabindex:4)
2023-11-04 22:25:33,942 [INFO] PluginManage:302 - Check plugin projectmanager
2023-11-04 22:25:33,963 [INFO] PluginManage:352 - Loaded plugin projectmanager (category:projectmanager,tabindex:3)
2023-11-04 22:25:33,964 [INFO] PluginManage:302 - Check plugin thirdparty
2023-11-04 22:25:34,251 [WARN] IntegrityCheckThread:78 - waiting for thirdparty lock release [integrity check]
2023-11-04 22:25:34,252 [INFO] PluginManage:352 - Loaded plugin thirdparty (category:base,tabindex:-1)
2023-11-04 22:25:34,252 [INFO] IntegrityCheckThread:80 - entering critical section [integrity check]
2023-11-04 22:25:34,252 [INFO] PluginManage:302 - Check plugin tools
2023-11-04 22:25:34,252 [INFO] ThirdPartyUpdaterWithRetryManager:66 - Updater plugin not ready yet. [1/15]
2023-11-04 22:25:34,321 [INFO] PluginManage:352 - Loaded plugin tools (category:base,tabindex:7)
2023-11-04 22:25:34,321 [INFO] PluginManage:302 - Check plugin tutovideos
2023-11-04 22:25:34,600 [INFO] PluginManage:352 - Loaded plugin tutovideos (category:base,tabindex:-1)
2023-11-04 22:25:34,600 [INFO] PluginManage:302 - Check plugin updater
2023-11-04 22:25:34,615 [INFO] PluginManage:352 - Loaded plugin updater (category:base,tabindex:12)
2023-11-04 22:25:34,616 [INFO] PluginManage:275 - PluginManage : Loaded plugins [13]
2023-11-04 22:25:34,833 [INFO] PinOutPanel:1463 - setPackage(No Configuration,No Configuration)
2023-11-04 22:25:34,958 [INFO] IPUIPlugin:74 - create IPUIPlugin
2023-11-04 22:25:34,958 [INFO] PluginManager:213 - loadIPPluginJar : add adc
2023-11-04 22:25:35,009 [INFO] IPUIPlugin:74 - create IPUIPlugin
2023-11-04 22:25:35,009 [INFO] PluginManager:213 - loadIPPluginJar : add aes
2023-11-04 22:25:35,077 [INFO] IPUIPlugin:74 - create IPUIPlugin
2023-11-04 22:25:35,078 [INFO] PluginManager:213 - loadIPPluginJar : add can
2023-11-04 22:25:35,114 [INFO] IPUIPlugin:74 - create IPUIPlugin
2023-11-04 22:25:35,115 [INFO] PluginManager:213 - loadIPPluginJar : add comp
2023-11-04 22:25:35,161 [INFO] IPUIPlugin:74 - create IPUIPlugin
2023-11-04 22:25:35,161 [INFO] PluginManager:213 - loadIPPluginJar : add cryp
2023-11-04 22:25:35,205 [INFO] IPUIPlugin:74 - create IPUIPlugin
2023-11-04 22:25:35,206 [INFO] PluginManager:213 - loadIPPluginJar : add dfsdm
2023-11-04 22:25:35,220 [INFO] IPUIPlugin:74 - create IPUIPlugin
2023-11-04 22:25:35,220 [INFO] PluginManager:213 - loadIPPluginJar : add dma
2023-11-04 22:25:35,279 [INFO] IPUIPlugin:74 - create IPUIPlugin
2023-11-04 22:25:35,279 [INFO] PluginManager:213 - loadIPPluginJar : add dma3
2023-11-04 22:25:35,310 [INFO] IPUIPlugin:74 - create IPUIPlugin
2023-11-04 22:25:35,310 [INFO] PluginManager:213 - loadIPPluginJar : add fatfs
2023-11-04 22:25:35,374 [INFO] IPUIPlugin:74 - create IPUIPlugin
2023-11-04 22:25:35,375 [INFO] PluginManager:213 - loadIPPluginJar : add fmc
2023-11-04 22:25:35,393 [INFO] IPUIPlugin:74 - create IPUIPlugin
2023-11-04 22:25:35,394 [INFO] PluginManager:213 - loadIPPluginJar : add freertos
2023-11-04 22:25:35,428 [INFO] IPUIPlugin:74 - create IPUIPlugin
2023-11-04 22:25:35,428 [INFO] PluginManager:213 - loadIPPluginJar : add genericplugin
2023-11-04 22:25:35,551 [INFO] IPUIPlugin:74 - create IPUIPlugin
2023-11-04 22:25:35,551 [INFO] PluginManager:213 - loadIPPluginJar : add gfxmmu
2023-11-04 22:25:35,711 [INFO] IPUIPlugin:74 - create IPUIPlugin
2023-11-04 22:25:35,711 [INFO] PluginManager:213 - loadIPPluginJar : add gic
2023-11-04 22:25:35,726 [INFO] IPUIPlugin:74 - create IPUIPlugin
2023-11-04 22:25:35,727 [INFO] PluginManager:213 - loadIPPluginJar : add gpio
2023-11-04 22:25:35,815 [INFO] IPUIPlugin:74 - create IPUIPlugin
2023-11-04 22:25:35,815 [INFO] PluginManager:213 - loadIPPluginJar : add gtzc
2023-11-04 22:25:35,861 [INFO] IPUIPlugin:74 - create IPUIPlugin
2023-11-04 22:25:35,861 [INFO] PluginManager:213 - loadIPPluginJar : add hash
2023-11-04 22:25:35,930 [INFO] IPUIPlugin:74 - create IPUIPlugin
2023-11-04 22:25:35,930 [INFO] PluginManager:213 - loadIPPluginJar : add i2c
2023-11-04 22:25:35,981 [INFO] IPUIPlugin:74 - create IPUIPlugin
2023-11-04 22:25:35,981 [INFO] PluginManager:213 - loadIPPluginJar : add i2s
2023-11-04 22:25:35,996 [INFO] IPUIPlugin:74 - create IPUIPlugin
2023-11-04 22:25:35,996 [INFO] PluginManager:213 - loadIPPluginJar : add ipddr
2023-11-04 22:25:36,112 [INFO] IPUIPlugin:74 - create IPUIPlugin
2023-11-04 22:25:36,112 [INFO] PluginManager:213 - loadIPPluginJar : add linkedlist
2023-11-04 22:25:36,164 [INFO] IPUIPlugin:74 - create IPUIPlugin
2023-11-04 22:25:36,164 [INFO] PluginManager:213 - loadIPPluginJar : add lorawan
2023-11-04 22:25:36,216 [INFO] IPUIPlugin:74 - create IPUIPlugin
2023-11-04 22:25:36,217 [INFO] PluginManager:213 - loadIPPluginJar : add ltdc
2023-11-04 22:25:36,233 [INFO] IPUIPlugin:74 - create IPUIPlugin
2023-11-04 22:25:36,233 [INFO] PluginManager:213 - loadIPPluginJar : add mdma
2023-11-04 22:25:36,246 [INFO] IPUIPlugin:74 - create IPUIPlugin
2023-11-04 22:25:36,246 [INFO] PluginManager:213 - loadIPPluginJar : add nvic
2023-11-04 22:25:36,297 [INFO] IPUIPlugin:74 - create IPUIPlugin
2023-11-04 22:25:36,297 [INFO] PluginManager:213 - loadIPPluginJar : add opamp
2023-11-04 22:25:36,379 [INFO] IPUIPlugin:74 - create IPUIPlugin
2023-11-04 22:25:36,379 [INFO] PluginManager:213 - loadIPPluginJar : add openamp
2023-11-04 22:25:36,438 [INFO] IPUIPlugin:74 - create IPUIPlugin
2023-11-04 22:25:36,439 [INFO] PluginManager:213 - loadIPPluginJar : add pdm2pcm
2023-11-04 22:25:36,472 [INFO] IPUIPlugin:74 - create IPUIPlugin
2023-11-04 22:25:36,480 [INFO] PluginManager:213 - loadIPPluginJar : add plateformsettings
2023-11-04 22:25:36,532 [INFO] IPUIPlugin:74 - create IPUIPlugin
2023-11-04 22:25:36,533 [INFO] PluginManager:213 - loadIPPluginJar : add quadspi
2023-11-04 22:25:36,551 [INFO] IPUIPlugin:74 - create IPUIPlugin
2023-11-04 22:25:36,551 [INFO] PluginManager:213 - loadIPPluginJar : add resmgrutility
2023-11-04 22:25:36,620 [INFO] IPUIPlugin:74 - create IPUIPlugin
2023-11-04 22:25:36,621 [INFO] PluginManager:213 - loadIPPluginJar : add sai
2023-11-04 22:25:36,673 [INFO] IPUIPlugin:74 - create IPUIPlugin
2023-11-04 22:25:36,673 [INFO] PluginManager:213 - loadIPPluginJar : add spi
2023-11-04 22:25:36,746 [INFO] IPUIPlugin:74 - create IPUIPlugin
2023-11-04 22:25:36,746 [INFO] PluginManager:213 - loadIPPluginJar : add stm32_wpan
2023-11-04 22:25:36,780 [INFO] IPUIPlugin:74 - create IPUIPlugin
2023-11-04 22:25:36,781 [INFO] PluginManager:213 - loadIPPluginJar : add tim
2023-11-04 22:25:36,856 [INFO] IPUIPlugin:74 - create IPUIPlugin
2023-11-04 22:25:36,857 [INFO] PluginManager:213 - loadIPPluginJar : add touchsensing
2023-11-04 22:25:36,891 [INFO] IPUIPlugin:74 - create IPUIPlugin
2023-11-04 22:25:36,891 [INFO] PluginManager:213 - loadIPPluginJar : add tracer_emb
2023-11-04 22:25:36,926 [INFO] IPUIPlugin:74 - create IPUIPlugin
2023-11-04 22:25:36,927 [INFO] PluginManager:213 - loadIPPluginJar : add ts
2023-11-04 22:25:36,962 [INFO] IPUIPlugin:74 - create IPUIPlugin
2023-11-04 22:25:36,963 [INFO] PluginManager:213 - loadIPPluginJar : add tsc
2023-11-04 22:25:36,998 [INFO] IPUIPlugin:74 - create IPUIPlugin
2023-11-04 22:25:36,999 [INFO] PluginManager:213 - loadIPPluginJar : add ucpd
2023-11-04 22:25:37,057 [INFO] IPUIPlugin:74 - create IPUIPlugin
2023-11-04 22:25:37,058 [INFO] PluginManager:213 - loadIPPluginJar : add usart
2023-11-04 22:25:37,108 [INFO] IPUIPlugin:74 - create IPUIPlugin
2023-11-04 22:25:37,108 [INFO] PluginManager:213 - loadIPPluginJar : add usbx
2023-11-04 22:25:37,258 [INFO] ThirdPartyUpdaterWithRetryManager:66 - Updater plugin not ready yet. [2/15]
2023-11-04 22:25:37,448 [FATAL] Updater:294 - Updater called before beeing initialized
2023-11-04 22:25:37,574 [FATAL] Updater:294 - Updater called before beeing initialized
2023-11-04 22:25:37,586 [INFO] DbMcusAds:47 - JSON generation date=Tue Mar 07 15:50:55 ICT 2023 (1678179055114)
2023-11-04 22:25:37,586 [FATAL] Updater:294 - Updater called before beeing initialized
2023-11-04 22:25:37,640 [WARN] DetailPanel:314 - Failed to get advertising image, set to default
2023-11-04 22:25:37,736 [FATAL] Updater:294 - Updater called before beeing initialized
2023-11-04 22:25:37,738 [FATAL] Updater:294 - Updater called before beeing initialized
2023-11-04 22:25:37,738 [FATAL] Updater:294 - Updater called before beeing initialized
2023-11-04 22:25:37,739 [WARN] DetailPanel:314 - Failed to get advertising image, set to default
2023-11-04 22:25:37,740 [FATAL] Updater:294 - Updater called before beeing initialized
2023-11-04 22:25:37,809 [ERROR] Updater:1075 - MainUpdater not yet initialized. External WinMGr cannot be set.
2023-11-04 22:25:37,818 [INFO] Updater:1012 - Updater Version found : 6.3.0
2023-11-04 22:25:37,844 [INFO] ApplicationProperties:181 - Using Application install path: C:\ST\STM32CubeIDE_1.7.0\STM32CubeIDE\plugins\com.st.stm32cube.common.mx_6.3.0.202107141111
2023-11-04 22:25:38,041 [INFO] MainUpdater:2671 - connection check result : 10
2023-11-04 22:25:38,042 [INFO] MainUpdater:3359 - Updater definition file requires update
2023-11-04 22:25:38,043 [INFO] MainUpdater:265 - Updater Check For Update Now.
2023-11-04 22:25:38,043 [INFO] MicroXplorer:478 - Change Database Version : DB.6.0.30
2023-11-04 22:25:38,111 [INFO] ServerAccessManage:362 - Download File updaters.zip
2023-11-04 22:25:38,180 [INFO] FileExtend:235 - Unzip File : updaters.zip
2023-11-04 22:25:38,180 [INFO] FileExtend:250 - Standard Zip Deflate
2023-11-04 22:25:38,986 [INFO] ServerAccessManage:362 - Download File PacksControlFlags.xml
2023-11-04 22:25:39,130 [INFO] ServerAccessManage:362 - Download File cubemx.pidx
2023-11-04 22:25:39,683 [INFO] ServerAccessManage:362 - Download File STMicroelectronics.X-CUBE-BLEMGR.pdsc
2023-11-04 22:25:40,259 [WARN] MainUpdater:1122 - Updater busy. Cannot search thirdparties
2023-11-04 22:25:40,259 [INFO] ThirdPartyUpdaterWithRetryManager:92 - Updater plugin is busy. [1/15]
2023-11-04 22:25:42,196 [ERROR] ServerAccessManage:981 - Problem, Http access forbiden
2023-11-04 22:25:42,197 [ERROR] ServerAccessManage:531 - Problem, Http access forbiden : RoweBots.I-CUBE-UNISONRTOS.pdsc.
2023-11-04 22:25:42,408 [WARN] PopulateThirdPartyThread:100 - Error when creating pack: C:/Users/Admin/.stm32cubemx/thirdparties/pdsc/STMicroelectronics.X-CUBE-BLEMGR.pdsc
2023-11-04 22:25:42,408 [INFO] PopulateThirdPartyThread:60 - Ending populate Thread
2023-11-04 22:25:42,408 [INFO] LoadServerUpdatesThread:339 - End of LoadServerUpdate Thread
2023-11-04 22:25:42,573 [INFO] CheckServerUpdateThread:112 - End of CheckServer Thread
2023-11-04 22:25:42,682 [INFO] MainUpdater:2671 - connection check result : 10
2023-11-04 22:25:42,714 [INFO] McuFinderGlobals:52 - Set McuFinderConnectedMode to true
2023-11-04 22:25:42,866 [INFO] ServerAccessManage:362 - Download File mcusAds.json._tmp_
2023-11-04 22:25:43,004 [INFO] LoadUrlFilesThread:145 - End of LoadUrlFiles Thread
2023-11-04 22:25:43,274 [WARN] MainUpdater:1122 - Updater busy. Cannot search thirdparties
2023-11-04 22:25:43,274 [INFO] ThirdPartyUpdaterWithRetryManager:92 - Updater plugin is busy. [2/15]
2023-11-04 22:25:43,823 [INFO] ServerAccessManage:362 - Download File mcusDocs.json._tmp_
2023-11-04 22:25:44,536 [INFO] LoadUrlFilesThread:145 - End of LoadUrlFiles Thread
2023-11-04 22:25:44,745 [INFO] ServerAccessManage:362 - Download File mcusFeaturesAndDescription.json._tmp_
2023-11-04 22:25:45,830 [INFO] LoadUrlFilesThread:145 - End of LoadUrlFiles Thread
2023-11-04 22:25:46,113 [INFO] ServerAccessManage:362 - Download File boardsDocs.json._tmp_
2023-11-04 22:25:46,236 [INFO] LoadUrlFilesThread:145 - End of LoadUrlFiles Thread
2023-11-04 22:25:46,288 [WARN] MainUpdater:1122 - Updater busy. Cannot search thirdparties
2023-11-04 22:25:46,288 [INFO] ThirdPartyUpdaterWithRetryManager:92 - Updater plugin is busy. [3/15]
2023-11-04 22:25:46,414 [INFO] ServerAccessManage:362 - Download File boards.json._tmp_
2023-11-04 22:25:46,610 [INFO] LoadUrlFilesThread:145 - End of LoadUrlFiles Thread
2023-11-04 22:25:46,800 [INFO] ServerAccessManage:362 - Download File cube-finder-db.zip
2023-11-04 22:25:49,291 [WARN] MainUpdater:1122 - Updater busy. Cannot search thirdparties
2023-11-04 22:25:49,291 [INFO] ThirdPartyUpdaterWithRetryManager:92 - Updater plugin is busy. [4/15]
2023-11-04 22:25:49,431 [INFO] FileExtend:235 - Unzip File : cube-finder-db.zip
2023-11-04 22:25:49,431 [INFO] FileExtend:250 - Standard Zip Deflate
2023-11-04 22:25:50,294 [INFO] LoadUrlFilesThread:145 - End of LoadUrlFiles Thread
2023-11-04 22:25:51,472 [INFO] ServerAccessManage:362 - Download File crdb.zip
2023-11-04 22:25:52,295 [WARN] MainUpdater:1122 - Updater busy. Cannot search thirdparties
2023-11-04 22:25:52,295 [INFO] ThirdPartyUpdaterWithRetryManager:92 - Updater plugin is busy. [5/15]
2023-11-04 22:25:52,847 [INFO] FileExtend:235 - Unzip File : crdb.zip
2023-11-04 22:25:52,848 [INFO] FileExtend:250 - Standard Zip Deflate
2023-11-04 22:25:52,998 [INFO] LoadUrlFilesThread:145 - End of LoadUrlFiles Thread
2023-11-04 22:25:53,121 [INFO] ServerAccessManage:362 - Download File tutoVideoDB.zip
2023-11-04 22:25:53,136 [INFO] FileExtend:235 - Unzip File : tutoVideoDB.zip
2023-11-04 22:25:53,137 [INFO] FileExtend:250 - Standard Zip Deflate
2023-11-04 22:25:53,260 [INFO] LoadUrlFilesThread:145 - End of LoadUrlFiles Thread
2023-11-04 22:25:53,262 [INFO] DbMcusAds:47 - JSON generation date=Tue Mar 07 15:50:55 ICT 2023 (1678179055335)
2023-11-04 22:25:53,277 [INFO] DbMcusDocs:143 - JSON generation date=Tue Nov 16 23:17:54 ICT 2021 (1637079474)
2023-11-04 22:25:53,277 [INFO] DbMcusXml:100 - Load MCU database from C:\ST\STM32CubeIDE_1.7.0\STM32CubeIDE\plugins\com.st.stm32cube.common.mx_6.3.0.202107141111\\db\/mcu/families.xml
2023-11-04 22:25:54,342 [INFO] DbMcusJson:93 - JSON generation date=Tue Nov 16 23:17:54 ICT 2021 (1637079474)
2023-11-04 22:25:55,158 [INFO] DbMcus:175 - Found 1951 MCUs (1903 are supported by CubeMX, 1914 are visible in CubeMX)
2023-11-04 22:25:55,158 [INFO] ApiDb:251 - Load user favorites file C:\Users\Admin/.stm32cubeide/favorites.mcus.txt: 0 item(s)
2023-11-04 22:25:55,158 [INFO] ApiDb:255 - User favorites MCUs=[]
2023-11-04 22:25:55,158 [INFO] DbMcus:187 - Set 0 / 0 favorites MCUs
2023-11-04 22:25:55,475 [ERROR] Engine:463 - C:\Users\Admin\.stm32cubemx\thirdparties\pdsc\STMicroelectronics.X-CUBE-SMBUS.2.1.0.pdsc: PDSC version is not supported
2023-11-04 22:25:55,590 [WARN] PackLoader:238 - Cannot read IP mode file for STMicroelectronics.X-CUBE-AZRTOS-F7.1.1.0
2023-11-04 22:25:55,608 [ERROR] Engine:463 - C:\Users\Admin\.stm32cubemx\thirdparties\pdsc\STMicroelectronics.FP-SNS-MOTENV1.4.3.2.pdsc: PDSC version is not supported
2023-11-04 22:25:55,611 [ERROR] Engine:463 - C:\Users\Admin\.stm32cubemx\thirdparties\pdsc\STMicroelectronics.FP-SNS-FLIGHT1.5.0.2.pdsc: PDSC version is not supported
2023-11-04 22:25:55,624 [ERROR] Engine:463 - C:\Users\Admin\.stm32cubemx\thirdparties\pdsc\STMicroelectronics.X-CUBE-DISPLAY.3.0.0.pdsc: PDSC version is not supported
2023-11-04 22:25:55,643 [WARN] PackLoader:238 - Cannot read IP mode file for STMicroelectronics.X-CUBE-BLE1.7.0.0
2023-11-04 22:25:55,656 [ERROR] Engine:463 - C:\Users\Admin\.stm32cubemx\thirdparties\pdsc\emotas.I-CUBE-CANOPEN.1.3.0.pdsc: PDSC version is not supported
2023-11-04 22:25:55,671 [WARN] PackLoader:238 - Cannot read IP mode file for STMicroelectronics.X-CUBE-TOUCHGFX.4.22.0
2023-11-04 22:25:55,683 [WARN] PackLoader:238 - Cannot read IP mode file for STMicroelectronics.X-CUBE-TOUCHGFX.4.22.1
2023-11-04 22:25:55,695 [ERROR] Engine:463 - C:\Users\Admin\.stm32cubemx\thirdparties\pdsc\STMicroelectronics.FP-SNS-SMARTAG2.1.2.0.pdsc: PDSC version is not supported
2023-11-04 22:25:55,722 [INFO] LogOutputStream:76 - [STDOUT_REDIRECT] 1 : Invalid condition id : UX_CORESTACK_Condition cause : null
2023-11-04 22:25:55,724 [INFO] LogOutputStream:76 - [STDOUT_REDIRECT] 1 : Invalid condition id : UX_CORESTACK_Condition cause : null
2023-11-04 22:25:55,726 [INFO] LogOutputStream:76 - [STDOUT_REDIRECT] 1 : Invalid condition id : UX_CORESTACK_Condition cause : null
2023-11-04 22:25:55,727 [INFO] LogOutputStream:76 - [STDOUT_REDIRECT] 1 : Invalid condition id : UX_CORESTACK_Condition cause : null
2023-11-04 22:25:55,729 [INFO] LogOutputStream:76 - [STDOUT_REDIRECT] 1 : Invalid condition id : UX_CORESTACK_Condition cause : null
2023-11-04 22:25:55,736 [WARN] PackLoader:238 - Cannot read IP mode file for STMicroelectronics.X-CUBE-AZRTOS-WL.2.0.0
2023-11-04 22:25:55,755 [WARN] PackLoader:238 - Cannot read IP mode file for WES.I-CUBE-Cesium.1.3.0
2023-11-04 22:25:55,770 [WARN] PackLoader:238 - Cannot read IP mode file for STMicroelectronics.X-CUBE-BLE2.3.3.0
2023-11-04 22:25:55,791 [WARN] PackLoader:238 - Cannot read IP mode file for STMicroelectronics.X-CUBE-ALGOBUILD.1.3.0
2023-11-04 22:25:55,835 [WARN] PackLoader:238 - Cannot read IP mode file for STMicroelectronics.X-CUBE-AZRTOS-G0.1.1.0
2023-11-04 22:25:55,856 [WARN] PackLoader:238 - Cannot read IP mode file for STMicroelectronics.X-CUBE-NFC4.3.0.0
2023-11-04 22:25:55,862 [ERROR] Engine:463 - C:\Users\Admin\.stm32cubemx\thirdparties\pdsc\STMicroelectronics.X-CUBE-BLEMGR.3.0.0.pdsc: PDSC version is not supported
2023-11-04 22:25:55,868 [WARN] PackLoader:238 - Cannot read IP mode file for STMicroelectronics.FP-ATR-SIGFOX1.3.2.0
2023-11-04 22:25:55,918 [WARN] PackLoader:238 - Cannot read IP mode file for SEGGER.I-CUBE-embOS.1.3.1
2023-11-04 22:25:55,995 [WARN] PackLoader:238 - Cannot read IP mode file for STMicroelectronics.X-CUBE-GNSS1.6.0.0
2023-11-04 22:25:56,034 [WARN] PackLoader:238 - Cannot read IP mode file for STMicroelectronics.X-CUBE-AZRTOS-F4.1.1.0
2023-11-04 22:25:56,054 [WARN] PackLoader:238 - Cannot read IP mode file for wolfSSL.I-CUBE-wolfSSL.5.6.3
2023-11-04 22:25:56,092 [WARN] PackLoader:238 - Cannot read IP mode file for STMicroelectronics.X-CUBE-AZRTOS-L5.2.0.0
2023-11-04 22:25:56,164 [WARN] PackLoader:238 - Cannot read IP mode file for STMicroelectronics.X-CUBE-MEMS1.9.6.0
2023-11-04 22:25:56,285 [INFO] DbMcusDocs:79 - Found 682 MCUs documents
2023-11-04 22:25:56,289 [INFO] ApiDb:276 - Save user favorites file C:\Users\Admin/.stm32cubeide/favorites.mcus.txt: 0 item(s)
2023-11-04 22:25:56,289 [INFO] ApiDb:280 - User favorites MCUs=[]
2023-11-04 22:25:56,289 [INFO] DbMcusXml:100 - Load MCU database from C:\ST\STM32CubeIDE_1.7.0\STM32CubeIDE\plugins\com.st.stm32cube.common.mx_6.3.0.202107141111\\db\/mcu/families.xml
2023-11-04 22:25:56,379 [WARN] PackLoader:238 - Cannot read IP mode file for STMicroelectronics.X-CUBE-EEPRMA1.4.2.0
2023-11-04 22:25:56,393 [ERROR] Engine:463 - C:\Users\Admin\.stm32cubemx\thirdparties\pdsc\ITTIA_DB.I-CUBE-ITTIADB.8.8.0.pdsc: PDSC version is not supported
2023-11-04 22:25:56,412 [WARN] PackLoader:238 - Cannot read IP mode file for STMicroelectronics.X-CUBE-BLEMGR.2.0.0
2023-11-04 22:25:56,466 [WARN] ConditionMgr:437 - getConditionDescription Invalid condition id : UX DEVICE CLASS RTOS Condition cause : null
2023-11-04 22:25:56,466 [WARN] ConditionMgr:437 - getConditionDescription Invalid condition id : UX DEVICE CLASS RTOS Condition cause : null
2023-11-04 22:25:56,472 [WARN] PackLoader:238 - Cannot read IP mode file for STMicroelectronics.X-CUBE-AZRTOS-H7.3.1.0
2023-11-04 22:25:56,474 [WARN] ConditionMgr:1038 - genDependencies : Invalid condition id : UX DEVICE CLASS RTOS Condition cause : null
2023-11-04 22:25:56,474 [WARN] ConditionMgr:1038 - genDependencies : Invalid condition id : UX DEVICE CLASS RTOS Condition cause : null
2023-11-04 22:25:56,476 [WARN] ConditionMgr:1038 - genDependencies : Invalid condition id : UX DEVICE CLASS RTOS Condition cause : null
2023-11-04 22:25:56,476 [WARN] ConditionMgr:1038 - genDependencies : Invalid condition id : UX DEVICE CLASS RTOS Condition cause : null
2023-11-04 22:25:56,477 [WARN] ConditionMgr:1038 - genDependencies : Invalid condition id : UX DEVICE CLASS RTOS Condition cause : null
2023-11-04 22:25:56,493 [WARN] PackLoader:238 - Cannot read IP mode file for STMicroelectronics.X-CUBE-NFC7.1.0.1
2023-11-04 22:25:56,513 [WARN] PackLoader:238 - Cannot read IP mode file for STMicroelectronics.X-CUBE-NFC6.3.0.0
2023-11-04 22:25:56,529 [WARN] PackLoader:238 - Cannot read IP mode file for STMicroelectronics.X-CUBE-EEPRMA1.4.1.0
2023-11-04 22:25:56,543 [WARN] PackLoader:238 - Cannot read IP mode file for STMicroelectronics.X-CUBE-AI.8.1.0
2023-11-04 22:25:56,583 [WARN] ConditionMgr:437 - getConditionDescription Invalid condition id : LAN8742 Phy interface Condition cause : null
2023-11-04 22:25:56,584 [WARN] PackLoader:238 - Cannot read IP mode file for STMicroelectronics.X-CUBE-AZRTOS-L4.2.0.0
2023-11-04 22:25:56,585 [WARN] ConditionMgr:1038 - genDependencies : Invalid condition id : LAN8742 Phy interface Condition cause : null
2023-11-04 22:25:56,586 [WARN] ConditionMgr:1038 - genDependencies : Invalid condition id : LAN8742 Phy interface Condition cause : null
2023-11-04 22:25:56,587 [WARN] ConditionMgr:1038 - genDependencies : Invalid condition id : LAN8742 Phy interface Condition cause : null
2023-11-04 22:25:56,602 [WARN] PackLoader:238 - Cannot read IP mode file for STMicroelectronics.X-CUBE-SFXS2LP1.4.0.0
2023-11-04 22:25:56,615 [WARN] PackLoader:238 - Cannot read IP mode file for STMicroelectronics.X-CUBE-ISPU.1.1.0
2023-11-04 22:25:56,644 [WARN] ConditionMgr:437 - getConditionDescription Invalid condition id : UX DEVICE CLASS RTOS Condition cause : null
2023-11-04 22:25:56,644 [WARN] ConditionMgr:437 - getConditionDescription Invalid condition id : UX DEVICE CLASS RTOS Condition cause : null
2023-11-04 22:25:56,646 [WARN] PackLoader:238 - Cannot read IP mode file for STMicroelectronics.X-CUBE-AZRTOS-WB.2.0.0
2023-11-04 22:25:56,647 [WARN] ConditionMgr:1038 - genDependencies : Invalid condition id : UX DEVICE CLASS RTOS Condition cause : null
2023-11-04 22:25:56,647 [WARN] ConditionMgr:1038 - genDependencies : Invalid condition id : UX DEVICE CLASS RTOS Condition cause : null
2023-11-04 22:25:56,648 [WARN] ConditionMgr:1038 - genDependencies : Invalid condition id : UX DEVICE CLASS RTOS Condition cause : null
2023-11-04 22:25:56,649 [WARN] ConditionMgr:1038 - genDependencies : Invalid condition id : UX DEVICE CLASS RTOS Condition cause : null
2023-11-04 22:25:56,649 [WARN] ConditionMgr:1038 - genDependencies : Invalid condition id : UX DEVICE CLASS RTOS Condition cause : null
2023-11-04 22:25:56,672 [WARN] PackLoader:238 - Cannot read IP mode file for STMicroelectronics.X-CUBE-SUBG2.5.0.0
2023-11-04 22:25:56,724 [ERROR] Engine:463 - C:\Users\Admin\.stm32cubemx\thirdparties\pdsc\STMicroelectronics.X-CUBE-TOF1.3.3.1.pdsc: PDSC version is not supported
2023-11-04 22:25:56,775 [WARN] PackLoader:238 - Cannot read IP mode file for STMicroelectronics.X-CUBE-AZRTOS-G4.2.0.0
2023-11-04 22:25:56,805 [ERROR] Engine:463 - C:\Users\Admin\.stm32cubemx\thirdparties\pdsc\Infineon.AIROC-Wi-Fi-Bluetooth-STM32.1.5.1.pdsc: PDSC version is not supported
2023-11-04 22:25:56,872 [WARN] PackLoader:238 - Cannot read IP mode file for STMicroelectronics.X-CUBE-MEMS1.10.0.0
2023-11-04 22:25:57,155 [INFO] DbMcusJson:93 - JSON generation date=Tue Nov 16 23:17:54 ICT 2021 (1637079474)
2023-11-04 22:25:57,176 [ERROR] Engine:463 - C:\Users\Admin\.stm32cubemx\thirdparties\pdsc\STMicroelectronics.X-CUBE-FREERTOS.1.1.0.pdsc: PDSC version is not supported
2023-11-04 22:25:57,195 [WARN] PackLoader:238 - Cannot read IP mode file for portGmbH.I-Cube-SoM-uGOAL.1.1.0
2023-11-04 22:25:57,214 [WARN] PackLoader:238 - Cannot read IP mode file for STMicroelectronics.X-CUBE-ALS.1.0.1
2023-11-04 22:25:57,235 [WARN] PackLoader:238 - Cannot read IP mode file for STMicroelectronics.FP-ATR-ASTRA1.2.0.0
2023-11-04 22:25:57,236 [INFO] ThirdParty:915 - Integrity check success = true
2023-11-04 22:25:57,236 [INFO] IntegrityCheckThread:94 - exiting critical section [integrity check]
2023-11-04 22:25:57,236 [INFO] IntegrityCheckThread:97 - End integrity checks thread
2023-11-04 22:25:57,938 [INFO] DbMcus:175 - Found 1951 MCUs (1903 are supported by CubeMX, 1914 are visible in CubeMX)
2023-11-04 22:25:57,939 [INFO] ApiDb:251 - Load user favorites file C:\Users\Admin/.stm32cubeide/favorites.mcus.txt: 0 item(s)
2023-11-04 22:25:57,939 [INFO] ApiDb:255 - User favorites MCUs=[]
2023-11-04 22:25:57,939 [INFO] DbMcus:187 - Set 0 / 0 favorites MCUs
2023-11-04 22:25:57,948 [INFO] DbBoardsDocs:143 - JSON generation date=Tue Nov 16 23:17:54 ICT 2021 (1637079474)
2023-11-04 22:25:57,969 [INFO] DbBoardsPdsc:90 - Found 25 items
2023-11-04 22:25:57,979 [INFO] DbBoardsPdsc:90 - Found 9 items
2023-11-04 22:25:57,993 [INFO] DbBoardsPdsc:90 - Found 33 items
2023-11-04 22:25:58,001 [INFO] DbBoardsPdsc:90 - Found 1 items
2023-11-04 22:25:58,022 [INFO] DbBoardsPdsc:90 - Found 48 items
2023-11-04 22:25:58,040 [INFO] DbBoardsPdsc:90 - Found 43 items
2023-11-04 22:25:58,053 [INFO] DbBoardsPdsc:90 - Found 2 items
2023-11-04 22:25:58,064 [INFO] DbBoardsPdsc:90 - Found 5 items
2023-11-04 22:25:58,072 [WARN] DbBoardsPdsc:254 - Board STM32H7B3I-DK: unknown feature type=Audio, name=, username=Audio stereo codec with Headphone Amp (CS42L51-CNZ), n=1
2023-11-04 22:25:58,073 [WARN] DbBoardsPdsc:254 - Board STM32H735G-DK: unknown feature type=Audio, name=, username=Audio stereo codec with Headphone Amp (WM8994ECS/R), n=1
2023-11-04 22:25:58,083 [WARN] DbBoardsPdsc:254 - Board STM32H7B3I-EVAL: unknown feature type=Audio, name=, username=Multi-Channel Audio Codec (CS42L51-CNZ), n=1
2023-11-04 22:25:58,083 [WARN] DbBoardsPdsc:254 - Board STM32H7B3I-EVAL: unknown feature type=Meter, name=, username=Power-metering and Temperature-monitoring with sigma-delta modulators, n=1
2023-11-04 22:25:58,083 [WARN] DbBoardsPdsc:254 - Board STM32H7B3I-EVAL: unknown feature type=Motor, name=, username=Motor Control, n=1
2023-11-04 22:25:58,084 [WARN] DbBoardsPdsc:254 - Board STM32U575I-EV: unknown feature type=joystick, name=, username=4-direction joystick with selection button, n=1
2023-11-04 22:25:58,125 [INFO] DbBoardsJson:86 - JSON generation date=Tue Nov 16 23:17:54 ICT 2021 (1637079474)
2023-11-04 22:25:58,144 [INFO] DbBoards:117 - Found 167 boards (163 are supported by CubeMX)
2023-11-04 22:25:58,147 [INFO] DbBoardsDocs:143 - JSON generation date=Tue Nov 16 23:17:54 ICT 2021 (1637079474)
2023-11-04 22:25:58,154 [INFO] DbBoardsDocs:79 - Found 209 boards documents
2023-11-04 22:25:58,157 [WARN] DbBoards:127 - board B-L475E-IOT01A2 has no document id list !
2023-11-04 22:25:58,158 [WARN] DbBoards:127 - board NUCLEO-H743ZI has no document id list !
2023-11-04 22:25:58,159 [WARN] DbBoards:127 - board NUCLEO-WL55JC2 has no document id list !
2023-11-04 22:25:58,159 [WARN] DbBoards:127 - board P-NUCLEO-WB55-Nucleo has no document id list !
2023-11-04 22:25:58,159 [WARN] DbBoards:127 - board P-NUCLEO-WB55-USBDongle has no document id list !
2023-11-04 22:25:58,159 [WARN] DbBoards:127 - board STEVAL-BFA001V1B has no document id list !
2023-11-04 22:25:58,160 [WARN] DbBoards:127 - board STEVAL-BFA001V2B has no document id list !
2023-11-04 22:25:58,160 [WARN] DbBoards:127 - board STEVAL-IDP005V1 has no document id list !
2023-11-04 22:25:58,160 [WARN] DbBoards:127 - board STEVAL-IDP005V2 has no document id list !
2023-11-04 22:25:58,160 [WARN] DbBoards:127 - board STEVAL-MKSBOX1V1 has no document id list !
2023-11-04 22:25:58,160 [WARN] DbBoards:127 - board STEVAL-STWINKT1 has no document id list !
2023-11-04 22:25:58,160 [WARN] DbBoards:127 - board STEVAL-STWINKT1B has no document id list !
2023-11-04 22:25:58,160 [WARN] DbBoards:127 - board STM32439I-EVAL2 has no document id list !
2023-11-04 22:25:58,161 [WARN] DbBoards:127 - board STM32F401C-DISCO has no document id list !
2023-11-04 22:25:58,161 [WARN] DbBoards:127 - board STM32F769I-DISC1 has no document id list !
2023-11-04 22:25:58,162 [WARN] DbBoards:127 - board STM32G474E-EVAL1 has no document id list !
2023-11-04 22:25:58,163 [WARN] DbBoards:127 - board STM32H743I-EVAL2 has no document id list !
2023-11-04 22:25:58,163 [WARN] DbBoards:127 - board STM32H747I-DISC1 has no document id list !
2023-11-04 22:25:58,163 [WARN] DbBoards:127 - board STM32H753I-EVAL2 has no document id list !
2023-11-04 22:25:58,164 [WARN] DbBoards:127 - board STM32L-DISCOVERY has no document id list !
2023-11-04 22:25:58,344 [ERROR] DbBoards:189 - Image file not found for board B-U585I-IOT02A: C:\ST\STM32CubeIDE_1.7.0\STM32CubeIDE\plugins\com.st.stm32cube.common.mx_6.3.0.202107141111\\db\/plugins/mcufinder/images/boards/B-U585I-IOT02A_small.jpg
2023-11-04 22:25:58,467 [ERROR] DbBoards:189 - Image file not found for board NUCLEO-F413ZH: C:\ST\STM32CubeIDE_1.7.0\STM32CubeIDE\plugins\com.st.stm32cube.common.mx_6.3.0.202107141111\\db\/plugins/mcufinder/images/boards/nucleo-f413zh_small.jpg
2023-11-04 22:25:58,691 [ERROR] DbBoards:189 - Image file not found for board NUCLEO-L552ZE-Q: C:\ST\STM32CubeIDE_1.7.0\STM32CubeIDE\plugins\com.st.stm32cube.common.mx_6.3.0.202107141111\\db\/plugins/mcufinder/images/boards/nucleo_l552ze_q_small.jpg
2023-11-04 22:25:58,692 [ERROR] DbBoards:189 - Image file not found for board NUCLEO-U575ZI-Q: C:\ST\STM32CubeIDE_1.7.0\STM32CubeIDE\plugins\com.st.stm32cube.common.mx_6.3.0.202107141111\\db\/plugins/mcufinder/images/boards/nucleo-u575zi-q_small.jpg
2023-11-04 22:25:58,692 [ERROR] DbBoards:189 - Image file not found for board NUCLEO-WB15CC: C:\ST\STM32CubeIDE_1.7.0\STM32CubeIDE\plugins\com.st.stm32cube.common.mx_6.3.0.202107141111\\db\/plugins/mcufinder/images/boards/nucleo-wb15cc_small.jpg
2023-11-04 22:25:58,692 [ERROR] DbBoards:189 - Image file not found for board NUCLEO-WB55RG: C:\ST\STM32CubeIDE_1.7.0\STM32CubeIDE\plugins\com.st.stm32cube.common.mx_6.3.0.202107141111\\db\/plugins/mcufinder/images/boards/nucleo-wb55rg_small.jpg
2023-11-04 22:25:59,998 [INFO] ApiDb:251 - Load user favorites file C:\Users\Admin/.stm32cubeide/favorites.boards.txt: 0 item(s)
2023-11-04 22:25:59,998 [INFO] ApiDb:255 - User favorites Boards=[]
2023-11-04 22:25:59,998 [INFO] DbBoards:206 - Set 0 / 0 favorites Boards
2023-11-04 22:26:00,002 [INFO] DbBoardsDocs:79 - Found 418 boards documents
2023-11-04 22:26:00,003 [INFO] ApiDb:276 - Save user favorites file C:\Users\Admin/.stm32cubeide/favorites.boards.txt: 0 item(s)
2023-11-04 22:26:00,004 [INFO] ApiDb:280 - User favorites Boards=[]
2023-11-04 22:26:00,007 [INFO] DbBoardsPdsc:90 - Found 25 items
2023-11-04 22:26:00,009 [INFO] DbBoardsPdsc:90 - Found 9 items
2023-11-04 22:26:00,013 [INFO] DbBoardsPdsc:90 - Found 33 items
2023-11-04 22:26:00,015 [INFO] DbBoardsPdsc:90 - Found 1 items
2023-11-04 22:26:00,020 [INFO] DbBoardsPdsc:90 - Found 48 items
2023-11-04 22:26:00,037 [INFO] DbBoardsPdsc:90 - Found 43 items
2023-11-04 22:26:00,039 [INFO] DbBoardsPdsc:90 - Found 2 items
2023-11-04 22:26:00,042 [INFO] DbBoardsPdsc:90 - Found 5 items
2023-11-04 22:26:00,046 [WARN] DbBoardsPdsc:254 - Board STM32H7B3I-DK: unknown feature type=Audio, name=, username=Audio stereo codec with Headphone Amp (CS42L51-CNZ), n=1
2023-11-04 22:26:00,046 [WARN] DbBoardsPdsc:254 - Board STM32H735G-DK: unknown feature type=Audio, name=, username=Audio stereo codec with Headphone Amp (WM8994ECS/R), n=1
2023-11-04 22:26:00,048 [WARN] DbBoardsPdsc:254 - Board STM32H7B3I-EVAL: unknown feature type=Audio, name=, username=Multi-Channel Audio Codec (CS42L51-CNZ), n=1
2023-11-04 22:26:00,048 [WARN] DbBoardsPdsc:254 - Board STM32H7B3I-EVAL: unknown feature type=Meter, name=, username=Power-metering and Temperature-monitoring with sigma-delta modulators, n=1
2023-11-04 22:26:00,048 [WARN] DbBoardsPdsc:254 - Board STM32H7B3I-EVAL: unknown feature type=Motor, name=, username=Motor Control, n=1
2023-11-04 22:26:00,049 [WARN] DbBoardsPdsc:254 - Board STM32U575I-EV: unknown feature type=joystick, name=, username=4-direction joystick with selection button, n=1
2023-11-04 22:26:00,077 [INFO] DbBoardsJson:86 - JSON generation date=Tue Nov 16 23:17:54 ICT 2021 (1637079474)
2023-11-04 22:26:00,084 [INFO] DbBoards:117 - Found 167 boards (163 are supported by CubeMX)
2023-11-04 22:26:00,084 [WARN] DbBoards:127 - board B-L475E-IOT01A2 has no document id list !
2023-11-04 22:26:00,085 [WARN] DbBoards:127 - board NUCLEO-H743ZI has no document id list !
2023-11-04 22:26:00,085 [WARN] DbBoards:127 - board NUCLEO-WL55JC2 has no document id list !
2023-11-04 22:26:00,085 [WARN] DbBoards:127 - board P-NUCLEO-WB55-Nucleo has no document id list !
2023-11-04 22:26:00,086 [WARN] DbBoards:127 - board P-NUCLEO-WB55-USBDongle has no document id list !
2023-11-04 22:26:00,086 [WARN] DbBoards:127 - board STEVAL-BFA001V1B has no document id list !
2023-11-04 22:26:00,086 [WARN] DbBoards:127 - board STEVAL-BFA001V2B has no document id list !
2023-11-04 22:26:00,086 [WARN] DbBoards:127 - board STEVAL-IDP005V1 has no document id list !
2023-11-04 22:26:00,086 [WARN] DbBoards:127 - board STEVAL-IDP005V2 has no document id list !
2023-11-04 22:26:00,086 [WARN] DbBoards:127 - board STEVAL-MKSBOX1V1 has no document id list !
2023-11-04 22:26:00,086 [WARN] DbBoards:127 - board STEVAL-STWINKT1 has no document id list !
2023-11-04 22:26:00,086 [WARN] DbBoards:127 - board STEVAL-STWINKT1B has no document id list !
2023-11-04 22:26:00,086 [WARN] DbBoards:127 - board STM32439I-EVAL2 has no document id list !
2023-11-04 22:26:00,086 [WARN] DbBoards:127 - board STM32F401C-DISCO has no document id list !
2023-11-04 22:26:00,087 [WARN] DbBoards:127 - board STM32F769I-DISC1 has no document id list !
2023-11-04 22:26:00,087 [WARN] DbBoards:127 - board STM32G474E-EVAL1 has no document id list !
2023-11-04 22:26:00,087 [WARN] DbBoards:127 - board STM32H743I-EVAL2 has no document id list !
2023-11-04 22:26:00,087 [WARN] DbBoards:127 - board STM32H747I-DISC1 has no document id list !
2023-11-04 22:26:00,087 [WARN] DbBoards:127 - board STM32H753I-EVAL2 has no document id list !
2023-11-04 22:26:00,087 [WARN] DbBoards:127 - board STM32L-DISCOVERY has no document id list !
2023-11-04 22:26:00,178 [ERROR] DbBoards:189 - Image file not found for board B-U585I-IOT02A: C:\ST\STM32CubeIDE_1.7.0\STM32CubeIDE\plugins\com.st.stm32cube.common.mx_6.3.0.202107141111\\db\/plugins/mcufinder/images/boards/B-U585I-IOT02A_small.jpg
2023-11-04 22:26:00,284 [ERROR] DbBoards:189 - Image file not found for board NUCLEO-F413ZH: C:\ST\STM32CubeIDE_1.7.0\STM32CubeIDE\plugins\com.st.stm32cube.common.mx_6.3.0.202107141111\\db\/plugins/mcufinder/images/boards/nucleo-f413zh_small.jpg
2023-11-04 22:26:00,540 [ERROR] DbBoards:189 - Image file not found for board NUCLEO-L552ZE-Q: C:\ST\STM32CubeIDE_1.7.0\STM32CubeIDE\plugins\com.st.stm32cube.common.mx_6.3.0.202107141111\\db\/plugins/mcufinder/images/boards/nucleo_l552ze_q_small.jpg
2023-11-04 22:26:00,541 [ERROR] DbBoards:189 - Image file not found for board NUCLEO-U575ZI-Q: C:\ST\STM32CubeIDE_1.7.0\STM32CubeIDE\plugins\com.st.stm32cube.common.mx_6.3.0.202107141111\\db\/plugins/mcufinder/images/boards/nucleo-u575zi-q_small.jpg
2023-11-04 22:26:00,541 [ERROR] DbBoards:189 - Image file not found for board NUCLEO-WB15CC: C:\ST\STM32CubeIDE_1.7.0\STM32CubeIDE\plugins\com.st.stm32cube.common.mx_6.3.0.202107141111\\db\/plugins/mcufinder/images/boards/nucleo-wb15cc_small.jpg
2023-11-04 22:26:00,541 [ERROR] DbBoards:189 - Image file not found for board NUCLEO-WB55RG: C:\ST\STM32CubeIDE_1.7.0\STM32CubeIDE\plugins\com.st.stm32cube.common.mx_6.3.0.202107141111\\db\/plugins/mcufinder/images/boards/nucleo-wb55rg_small.jpg
2023-11-04 22:26:01,482 [INFO] ApiDb:251 - Load user favorites file C:\Users\Admin/.stm32cubeide/favorites.boards.txt: 0 item(s)
2023-11-04 22:26:01,483 [INFO] ApiDb:255 - User favorites Boards=[]
2023-11-04 22:26:01,483 [INFO] DbBoards:206 - Set 0 / 0 favorites Boards
2023-11-04 22:26:01,494 [INFO] LoadUrlFilesThread:172 - End of LoadServerUrlFiles without Thread
2023-11-04 22:26:01,494 [INFO] TargetSelectorAdapter:224 - Refresh data is successful
2023-11-04 22:26:01,629 [INFO] ApiDb:479 - Connected to CubeFinder SQLite database (C:\Users\Admin\.stmcufinder\plugins\mcufinder\mcu\cube-finder-db.db)
2023-11-04 22:26:02,764 [ERROR] DbExamplesSqlite:446 - Missing JSON key: board_cpn
2023-11-04 22:26:02,765 [ERROR] DbExamplesSqlite:446 - Missing JSON key: board_cpn
2023-11-04 22:26:02,765 [ERROR] DbExamplesSqlite:446 - Missing JSON key: board_cpn
2023-11-04 22:26:02,765 [ERROR] DbExamplesSqlite:446 - Missing JSON key: board_cpn
2023-11-04 22:26:02,774 [INFO] DbExamplesSqlite:411 - Ignored 27 examples not supported by CubeIDE
2023-11-04 22:26:02,774 [INFO] DbExamplesSqlite:412 - Found 7221 examples active
2023-11-04 22:26:02,774 [INFO] DbExamplesSqlite:413 - Found 777 examples obsolete
2023-11-04 22:26:02,775 [INFO] DbExamplesSqlite:414 - Found 0 examples under development
2023-11-04 22:26:02,775 [INFO] DbExamplesSqlite:415 - Found 74 examples not building
2023-11-04 22:26:02,841 [INFO] DbExamplesSqlite:108 - CubeFinder database Data Model version=2.1
2023-11-04 22:26:02,842 [INFO] DbExamplesSqlite:109 - CubeFinder database Configuration version=3.0.37
2023-11-04 22:26:02,842 [INFO] DbExamplesSqlite:110 - CubeFinder database generation date=2023-10-13 (1697197505)
2023-11-04 22:26:02,842 [INFO] DbExamplesSqlite:111 - CubeFinder database FW Pack versions=[FP-ATR-ASTRA1_V2.0.0, FP-SNS-FLIGHT1_V5.0.1, FP-SNS-FLIGHT1_V5.0.2, FP-SNS-MOTENV1_V4.3.1, FP-SNS-MOTENV1_V4.3.2, FP-SNS-SMARTAG2_V1.2.0, I-CUBE-ITTIADB_V8.6.3-1, STM32Cube_FW_C0_V1.1.0, STM32Cube_FW_F4_V1.27.1, STM32Cube_FW_F7_V1.17.0, STM32Cube_FW_G0_V1.6.1, STM32Cube_FW_G4_V1.5.1, STM32Cube_FW_H5_V0.5.1, STM32Cube_FW_H5_V1.1.1, STM32Cube_FW_H7_V1.11.0, STM32Cube_FW_L0_V1.12.2, STM32Cube_FW_L5_V1.5.0, STM32Cube_FW_U5_V1.3.0, STM32Cube_FW_U5_V1.3.0RC4, STM32Cube_FW_WBA_V1.0.0RC1, STM32Cube_FW_WBA_V1.1.0RC1, STM32Cube_FW_WBA_V1.1.1, STM32Cube_FW_WB_V1.15.0RC1, STM32Cube_FW_WB_V1.16.0, STM32Cube_FW_WB_V1.16.0RC2, STM32Cube_FW_WB_V1.17.3, STM32Cube_FW_WL_V1.3.0, X-CUBE-ALGOBUILD_V1.3.0, X-CUBE-ALS_V1.0.1, X-CUBE-AZRTOS-F4_V1.1.0, X-CUBE-AZRTOS-F7_V1.1.0, X-CUBE-AZRTOS-G0_V1.1.0, X-CUBE-AZRTOS-G4_V2.0.0, X-CUBE-AZRTOS-H7_V3.1.0, X-CUBE-AZRTOS-L4_V1.0.0, X-CUBE-AZRTOS-L4_V2.0.0, X-CUBE-AZRTOS-L5_V1.1.0, X-CUBE-AZRTOS-WB_V2.0.0, X-CUBE-AZRTOS-WL_V2.0.0, X-CUBE-BLE1_V7.0.0, X-CUBE-BLE2_V3.3.0, X-CUBE-BLEMGR_V2.0.0, X-CUBE-EEPRMA1_V4.1.0, X-CUBE-FREERTOS_V1.1.0, X-CUBE-GNSS1_V6.0.0, X-CUBE-MEMS1_V10.0.0, X-CUBE-MEMS1_V9.1.0, X-CUBE-MEMS1_V9.4.0, X-CUBE-MEMS1_V9.6.0, X-CUBE-NFC4_V3.0.0, X-CUBE-NFC7_V1.0.1, X-CUBE-SFXS2LP1_V4.0.0, X-CUBE-SUBG2_V5.0.0, X-CUBE-TOF1_V3.3.1]
2023-11-04 22:26:02,844 [INFO] DbExamples:130 - Found 7268 examples
2023-11-04 22:26:03,974 [ERROR] DbExamples:206 - Found 7268 examples with invalid data (board or MCU)
2023-11-04 22:26:03,975 [INFO] DbExamples:222 - Found 79 boards with related examples
2023-11-04 22:26:03,975 [INFO] DbExamples:235 - Found 0 MCUs with related examples
2023-11-04 22:26:04,004 [INFO] ApiDb:242 - User favorites file not found: C:\Users\Admin/.stm32cubeide/favorites.examples.txt
2023-11-04 22:26:04,004 [INFO] DbExamples:256 - Set 0 / 0 favorites Examples
2023-11-04 22:26:04,370 [INFO] McuFinderGlobals:52 - Set McuFinderConnectedMode to false
2023-11-04 22:26:04,490 [INFO] CrossSelectorPresenter:1330 - Cross Selector saved comparison directory: C:\Users\Admin\.stmcufinder\plugins\mcufinder\mcu\cs_comparisons_mx
2023-11-04 22:26:04,499 [INFO] MultiScanPanel:197 - Auto-refresh data requested => check proxy status ongoing
2023-11-04 22:26:04,499 [INFO] MultiScanPanel:201 - Proxy status is invalid
2023-11-04 22:26:04,504 [INFO] FinderPluginLoader:87 - Searching for filters in installed packs
2023-11-04 22:26:05,065 [INFO] DetailPanel:309 - Set advertising image to C:/Users/Admin/STM32Cube/Repository/\en.prom-stm32h5-mcu-finder.jpg
2023-11-04 22:26:46,236 [INFO] MainUpdater:2671 - connection check result : 10
2023-11-04 22:26:46,237 [INFO] MainUpdater:2671 - connection check result : 10
2023-11-04 22:26:46,292 [INFO] MicroXplorer:448 - Change Database Path : 
2023-11-04 22:26:46,292 [INFO] MicroXplorer:478 - Change Database Version : DB.6.0.30
2023-11-04 22:26:46,293 [WARN] ThirdParty:813 - waiting for thirdparty lock release [close project]
2023-11-04 22:26:46,293 [INFO] ThirdParty:815 - entering critical section [close project]
2023-11-04 22:26:46,294 [INFO] ThirdParty:825 - exiting critical section [close project]
2023-11-04 22:26:46,298 [INFO] PinOutPanel:1463 - setPackage(No Configuration,No Configuration)
2023-11-04 22:26:46,298 [INFO] UtilMem:74 - Begin LoadConfig() Used Memory: 694209936 Bytes (714080256)
2023-11-04 22:26:46,299 [INFO] MicroXplorer:448 - Change Database Path : 
2023-11-04 22:26:46,300 [INFO] MicroXplorer:478 - Change Database Version : DB.6.0.30
2023-11-04 22:26:46,300 [INFO] OpenFileManager:313 - Change cursor
2023-11-04 22:26:47,429 [INFO] Context:592 - Trying to add GPIOservice into a context  which must be forbidden
2023-11-04 22:26:47,712 [INFO] ImportTextPane:167 - (OptionalMessage_ERROR) Unable to find key (Mcu.ThirdPartyNb) in loaded IOC file
2023-11-04 22:26:47,712 [INFO] ImportTextPane:167 - (OptionalMessage_ERROR) Unable to find key (Mcu.PinsNb) in loaded IOC file
2023-11-04 22:26:47,712 [INFO] ImportTextPane:167 - (OptionalMessage_ERROR) Unable to find key (Mcu.IPNb) in loaded IOC file
2023-11-04 22:26:47,790 [WARN] ApiManager:304 - Cannot register API 'Board Extension:GNSS1A1' from pack STMicroelectronics.X-CUBE-GNSS1.6.0.0: no header file found
2023-11-04 22:26:47,791 [WARN] ApiManager:304 - Cannot register API 'Board Support:Custom' from pack STMicroelectronics.X-CUBE-GNSS1.6.0.0: no header file found
2023-11-04 22:26:47,791 [WARN] ApiManager:304 - Cannot register API 'Data Exchange:lib_gnss' from pack STMicroelectronics.X-CUBE-GNSS1.6.0.0: no header file found
2023-11-04 22:26:48,112 [WARN] ApiManager:304 - Cannot register API 'Board Extension:IKS01A3' from pack STMicroelectronics.X-CUBE-MEMS1.9.6.0: no header file found
2023-11-04 22:26:48,112 [WARN] ApiManager:304 - Cannot register API 'Board Extension:IKS01A2' from pack STMicroelectronics.X-CUBE-MEMS1.9.6.0: no header file found
2023-11-04 22:26:48,112 [WARN] ApiManager:304 - Cannot register API 'Board Extension:IKS02A1' from pack STMicroelectronics.X-CUBE-MEMS1.9.6.0: no header file found
2023-11-04 22:26:48,121 [WARN] ApiManager:304 - Cannot register API 'Board Extension:EEPRMA2' from pack STMicroelectronics.X-CUBE-EEPRMA1.4.2.0: no header file found
2023-11-04 22:26:48,121 [WARN] ApiManager:304 - Cannot register API 'Board Extension:PGEEZ1' from pack STMicroelectronics.X-CUBE-EEPRMA1.4.2.0: no header file found
2023-11-04 22:26:48,121 [WARN] ApiManager:304 - Cannot register API 'Board Part:M24' from pack STMicroelectronics.X-CUBE-EEPRMA1.4.2.0: no header file found
2023-11-04 22:26:48,121 [WARN] ApiManager:304 - Cannot register API 'Board Part:M95' from pack STMicroelectronics.X-CUBE-EEPRMA1.4.2.0: no header file found
2023-11-04 22:26:48,122 [WARN] ApiManager:304 - Cannot register API 'Board Part:M95P32' from pack STMicroelectronics.X-CUBE-EEPRMA1.4.2.0: no header file found
2023-11-04 22:26:48,122 [WARN] ApiManager:304 - Cannot register API 'PGEEZ1:SPI' from pack STMicroelectronics.X-CUBE-EEPRMA1.4.2.0: no header file found
2023-11-04 22:26:48,122 [WARN] ApiManager:304 - Cannot register API 'PGEEZ1:QDSPI' from pack STMicroelectronics.X-CUBE-EEPRMA1.4.2.0: no header file found
2023-11-04 22:26:48,123 [INFO] RtosManager:484 - Registered RTOS mode: class=CMSIS, group=RTOS, mode=CMSIS_V1, owner=FREERTOS
2023-11-04 22:26:48,124 [INFO] RtosManager:484 - Registered RTOS mode: class=CMSIS, group=RTOS2, mode=CMSIS_V2, owner=FREERTOS
2023-11-04 22:26:48,124 [INFO] RtosManager:484 - Registered RTOS mode: class=RTOS, group=Core, mode=CMSIS_V1, owner=FREERTOS
2023-11-04 22:26:48,124 [INFO] RtosManager:484 - Registered RTOS mode: class=RTOS, group=Core, mode=CMSIS_V2, owner=FREERTOS
2023-11-04 22:26:48,124 [WARN] ModelIntegratedComponent:181 - Missing modes for component STMicroelectronics:FreeRTOS:0.0.1:STMicroelectronics:RTOS:FreeRTOS:Core:::10.2.0:
2023-11-04 22:26:48,126 [WARN] ApiManager:304 - Cannot register API 'Board Extension:NFC04A1' from pack STMicroelectronics.X-CUBE-NFC4.3.0.0: no header file found
2023-11-04 22:26:48,129 [WARN] ApiManager:304 - Cannot register API 'Board Extension:S2868A1' from pack STMicroelectronics.X-CUBE-SUBG2.5.0.0: no header file found
2023-11-04 22:26:48,129 [WARN] ApiManager:304 - Cannot register API 'Board Extension:S2868A2' from pack STMicroelectronics.X-CUBE-SUBG2.5.0.0: no header file found
2023-11-04 22:26:48,129 [WARN] ApiManager:304 - Cannot register API 'Board Extension:S2915A1' from pack STMicroelectronics.X-CUBE-SUBG2.5.0.0: no header file found
2023-11-04 22:26:48,134 [WARN] ApiManager:304 - Cannot register API 'Wireless:BlueNRG-MS' from pack STMicroelectronics.X-CUBE-BLE1.7.0.0: no header file found
2023-11-04 22:26:48,136 [WARN] ModelIntegratedComponent:60 - No mode defined for component null
2023-11-04 22:26:48,136 [WARN] ModelIntegratedComponent:60 - No mode defined for component null
2023-11-04 22:26:48,136 [WARN] ModelIntegratedComponent:60 - No mode defined for component null
2023-11-04 22:26:48,136 [WARN] ModelIntegratedComponent:60 - No mode defined for component null
2023-11-04 22:26:48,137 [WARN] ModelIntegratedComponent:60 - No mode defined for component null
2023-11-04 22:26:48,137 [WARN] ModelIntegratedComponent:60 - No mode defined for component null
2023-11-04 22:26:48,137 [WARN] ModelIntegratedComponent:60 - No mode defined for component null
2023-11-04 22:26:48,137 [WARN] ModelIntegratedComponent:60 - No mode defined for component null
2023-11-04 22:26:48,137 [WARN] ModelIntegratedComponent:60 - No mode defined for component null
2023-11-04 22:26:48,137 [WARN] ModelIntegratedComponent:60 - No mode defined for component null
2023-11-04 22:26:48,137 [WARN] ModelIntegratedComponent:60 - No mode defined for component null
2023-11-04 22:26:48,137 [WARN] ModelIntegratedComponent:60 - No mode defined for component null
2023-11-04 22:26:48,137 [WARN] ModelIntegratedComponent:60 - No mode defined for component null
2023-11-04 22:26:48,137 [WARN] ModelIntegratedComponent:60 - No mode defined for component null
2023-11-04 22:26:48,137 [WARN] ModelIntegratedComponent:60 - No mode defined for component null
2023-11-04 22:26:48,137 [WARN] ModelIntegratedComponent:60 - No mode defined for component null
2023-11-04 22:26:48,137 [WARN] ModelIntegratedComponent:60 - No mode defined for component null
2023-11-04 22:26:48,138 [WARN] ModelIntegratedComponent:60 - No mode defined for component null
2023-11-04 22:26:48,138 [WARN] ModelIntegratedComponent:60 - No mode defined for component null
2023-11-04 22:26:48,138 [WARN] ModelIntegratedComponent:60 - No mode defined for component null
2023-11-04 22:26:48,138 [WARN] ModelIntegratedComponent:60 - No mode defined for component null
2023-11-04 22:26:48,138 [WARN] ModelIntegratedComponent:60 - No mode defined for component null
2023-11-04 22:26:48,138 [WARN] ModelIntegratedComponent:60 - No mode defined for component null
2023-11-04 22:26:48,138 [WARN] ModelIntegratedComponent:60 - No mode defined for component null
2023-11-04 22:26:48,138 [WARN] ModelIntegratedComponent:60 - No mode defined for component null
2023-11-04 22:26:48,138 [WARN] ModelIntegratedComponent:60 - No mode defined for component null
2023-11-04 22:26:48,138 [WARN] ModelIntegratedComponent:60 - No mode defined for component null
2023-11-04 22:26:48,138 [WARN] ModelIntegratedComponent:60 - No mode defined for component null
2023-11-04 22:26:48,138 [WARN] ModelIntegratedComponent:60 - No mode defined for component null
2023-11-04 22:26:48,139 [WARN] ModelIntegratedComponent:60 - No mode defined for component null
2023-11-04 22:26:48,139 [WARN] ModelIntegratedComponent:60 - No mode defined for component null
2023-11-04 22:26:48,417 [WARN] ApiManager:304 - Cannot register API 'Board Extension:IKS01A3' from pack STMicroelectronics.X-CUBE-MEMS1.10.0.0: no header file found
2023-11-04 22:26:48,418 [WARN] ApiManager:304 - Cannot register API 'Board Extension:IKS02A1' from pack STMicroelectronics.X-CUBE-MEMS1.10.0.0: no header file found
2023-11-04 22:26:48,418 [WARN] ApiManager:304 - Cannot register API 'Board Extension:IKS4A1' from pack STMicroelectronics.X-CUBE-MEMS1.10.0.0: no header file found
2023-11-04 22:26:48,428 [WARN] ApiManager:304 - Cannot register API 'Board Extension:NFC07A1' from pack STMicroelectronics.X-CUBE-NFC7.1.0.1: no header file found
2023-11-04 22:26:48,431 [WARN] ApiManager:304 - Cannot register API 'Board Extension:NFC06A1' from pack STMicroelectronics.X-CUBE-NFC6.3.0.0: no header file found
2023-11-04 22:26:48,431 [WARN] ApiManager:304 - Cannot register API 'Board Extension:NFC08A1' from pack STMicroelectronics.X-CUBE-NFC6.3.0.0: no header file found
2023-11-04 22:26:48,432 [WARN] ApiManager:304 - Cannot register API 'Board Extension:EEPRMA1' from pack STMicroelectronics.X-CUBE-EEPRMA1.4.1.0: no header file found
2023-11-04 22:26:48,433 [WARN] ApiManager:304 - Cannot register API 'Board Extension:EEPRMA2' from pack STMicroelectronics.X-CUBE-EEPRMA1.4.1.0: no header file found
2023-11-04 22:26:48,433 [WARN] ApiManager:304 - Cannot register API 'Board Extension:PGEEZ1' from pack STMicroelectronics.X-CUBE-EEPRMA1.4.1.0: no header file found
2023-11-04 22:26:48,433 [WARN] ApiManager:304 - Cannot register API 'Board Part:M24' from pack STMicroelectronics.X-CUBE-EEPRMA1.4.1.0: no header file found
2023-11-04 22:26:48,433 [WARN] ApiManager:304 - Cannot register API 'Board Part:M95' from pack STMicroelectronics.X-CUBE-EEPRMA1.4.1.0: no header file found
2023-11-04 22:26:48,433 [WARN] ApiManager:304 - Cannot register API 'Board Part:M95P32' from pack STMicroelectronics.X-CUBE-EEPRMA1.4.1.0: no header file found
2023-11-04 22:26:48,433 [WARN] ApiManager:304 - Cannot register API 'PGEEZ1:SPI' from pack STMicroelectronics.X-CUBE-EEPRMA1.4.1.0: no header file found
2023-11-04 22:26:48,433 [WARN] ApiManager:304 - Cannot register API 'PGEEZ1:QDSPI' from pack STMicroelectronics.X-CUBE-EEPRMA1.4.1.0: no header file found
2023-11-04 22:26:48,444 [WARN] ApiManager:304 - Cannot register API 'Board Extension:S2868A1' from pack STMicroelectronics.X-CUBE-SFXS2LP1.4.0.0: no header file found
2023-11-04 22:26:48,445 [WARN] ApiManager:304 - Cannot register API 'Board Extension:S2868A2' from pack STMicroelectronics.X-CUBE-SFXS2LP1.4.0.0: no header file found
2023-11-04 22:26:48,445 [WARN] ApiManager:304 - Cannot register API 'Board Extension:S2915A1' from pack STMicroelectronics.X-CUBE-SFXS2LP1.4.0.0: no header file found
2023-11-04 22:26:48,446 [WARN] ApiManager:304 - Cannot register API 'Wireless:BlueNRG-2' from pack STMicroelectronics.X-CUBE-BLE2.3.3.0: no header file found
2023-11-04 22:26:52,588 [INFO] UtilMem:74 - End LoadConfig() Used Memory: 629344072 Bytes (714080256)
2023-11-04 22:26:52,596 [WARN] ThirdParty:779 - waiting for thirdparty lock release [change project]
2023-11-04 22:26:52,596 [INFO] ThirdParty:781 - entering critical section [change project]
2023-11-04 22:26:52,596 [INFO] ThirdParty:967 - CMSIS Pack Vendor :STMicroelectronics X-CUBE-ISPU 1.1.0
2023-11-04 22:26:52,596 [INFO] ThirdParty:967 - CMSIS Pack Vendor :STMicroelectronics X-CUBE-GNSS1 6.0.0
2023-11-04 22:26:52,596 [INFO] ThirdParty:967 - CMSIS Pack Vendor :STMicroelectronics USB_HOST 2.0.0
2023-11-04 22:26:52,596 [INFO] ThirdParty:967 - CMSIS Pack Vendor :STMicroelectronics X-CUBE-AZRTOS-F4 1.1.0
2023-11-04 22:26:52,596 [INFO] ThirdParty:967 - CMSIS Pack Vendor :wolfSSL I-CUBE-wolfSSL 5.6.3
2023-11-04 22:26:52,596 [INFO] ThirdParty:967 - CMSIS Pack Vendor :STMicroelectronics USB_DEVICE 3.0.0
2023-11-04 22:26:52,597 [INFO] ThirdParty:967 - CMSIS Pack Vendor :STMicroelectronics X-CUBE-AZRTOS-WB 2.0.0
2023-11-04 22:26:52,597 [INFO] ThirdParty:967 - CMSIS Pack Vendor :STMicroelectronics X-CUBE-AZRTOS-F7 1.1.0
2023-11-04 22:26:52,597 [INFO] ThirdParty:967 - CMSIS Pack Vendor :STMicroelectronics X-CUBE-AZRTOS-L5 2.0.0
2023-11-04 22:26:52,597 [INFO] ThirdParty:967 - CMSIS Pack Vendor :STMicroelectronics USB_DEVICE 2.0.0
2023-11-04 22:26:52,597 [INFO] ThirdParty:967 - CMSIS Pack Vendor :STMicroelectronics X-CUBE-MEMS1 9.6.0
2023-11-04 22:26:52,597 [INFO] ThirdParty:967 - CMSIS Pack Vendor :STMicroelectronics X-CUBE-EEPRMA1 4.2.0
2023-11-04 22:26:52,597 [INFO] ThirdParty:967 - CMSIS Pack Vendor :STMicroelectronics X-CUBE-ALGOBUILD 1.3.0
2023-11-04 22:26:52,597 [INFO] ThirdParty:967 - CMSIS Pack Vendor :STMicroelectronics FreeRTOS 0.0.1
2023-11-04 22:26:52,597 [INFO] ThirdParty:967 - CMSIS Pack Vendor :STMicroelectronics X-CUBE-AZRTOS-G0 1.1.0
2023-11-04 22:26:52,597 [INFO] ThirdParty:967 - CMSIS Pack Vendor :STMicroelectronics X-CUBE-BLEMGR 2.0.0
2023-11-04 22:26:52,597 [INFO] ThirdParty:967 - CMSIS Pack Vendor :STMicroelectronics X-CUBE-NFC4 3.0.0
2023-11-04 22:26:52,597 [INFO] ThirdParty:967 - CMSIS Pack Vendor :STMicroelectronics X-CUBE-SUBG2 5.0.0
2023-11-04 22:26:52,597 [INFO] ThirdParty:967 - CMSIS Pack Vendor :STMicroelectronics lwIP 2.0.3
2023-11-04 22:26:52,597 [INFO] ThirdParty:967 - CMSIS Pack Vendor :STMicroelectronics USB_HOST 1.0.0
2023-11-04 22:26:52,597 [INFO] ThirdParty:967 - CMSIS Pack Vendor :STMicroelectronics X-CUBE-AZRTOS-G4 2.0.0
2023-11-04 22:26:52,597 [INFO] ThirdParty:967 - CMSIS Pack Vendor :STMicroelectronics PDM2PCM 3.1.0
2023-11-04 22:26:52,598 [INFO] ThirdParty:967 - CMSIS Pack Vendor :STMicroelectronics X-CUBE-AZRTOS-H7 3.1.0
2023-11-04 22:26:52,598 [INFO] ThirdParty:967 - CMSIS Pack Vendor :STMicroelectronics PDM2PCM 3.3.0
2023-11-04 22:26:52,598 [INFO] ThirdParty:967 - CMSIS Pack Vendor :STMicroelectronics X-CUBE-BLE1 7.0.0
2023-11-04 22:26:52,598 [INFO] ThirdParty:967 - CMSIS Pack Vendor :STMicroelectronics FP-ATR-SIGFOX1 3.2.0
2023-11-04 22:26:52,598 [INFO] ThirdParty:967 - CMSIS Pack Vendor :STMicroelectronics HAL Drivers 0.0.0
2023-11-04 22:26:52,598 [INFO] ThirdParty:967 - CMSIS Pack Vendor :STMicroelectronics MBEDTLS 2.16.2
2023-11-04 22:26:52,598 [INFO] ThirdParty:967 - CMSIS Pack Vendor :STMicroelectronics X-CUBE-MEMS1 10.0.0
2023-11-04 22:26:52,598 [INFO] ThirdParty:967 - CMSIS Pack Vendor :STMicroelectronics X-CUBE-TOUCHGFX 4.22.0
2023-11-04 22:26:52,598 [INFO] ThirdParty:967 - CMSIS Pack Vendor :STMicroelectronics X-CUBE-NFC7 1.0.1
2023-11-04 22:26:52,598 [INFO] ThirdParty:967 - CMSIS Pack Vendor :STMicroelectronics MBEDTLS 2.14.1
2023-11-04 22:26:52,598 [INFO] ThirdParty:967 - CMSIS Pack Vendor :STMicroelectronics X-CUBE-TOUCHGFX 4.22.1
2023-11-04 22:26:52,599 [INFO] ThirdParty:967 - CMSIS Pack Vendor :STMicroelectronics X-CUBE-NFC6 3.0.0
2023-11-04 22:26:52,599 [INFO] ThirdParty:967 - CMSIS Pack Vendor :STMicroelectronics X-CUBE-EEPRMA1 4.1.0
2023-11-04 22:26:52,599 [INFO] ThirdParty:967 - CMSIS Pack Vendor :portGmbH I-Cube-SoM-uGOAL 1.1.0
2023-11-04 22:26:52,599 [INFO] ThirdParty:967 - CMSIS Pack Vendor :STMicroelectronics X-CUBE-ALS 1.0.1
2023-11-04 22:26:52,599 [INFO] ThirdParty:967 - CMSIS Pack Vendor :STMicroelectronics X-CUBE-AZRTOS-WL 2.0.0
2023-11-04 22:26:52,599 [INFO] ThirdParty:967 - CMSIS Pack Vendor :SEGGER I-CUBE-embOS 1.3.1
2023-11-04 22:26:52,599 [INFO] ThirdParty:967 - CMSIS Pack Vendor :STMicroelectronics USB_DEVICE 1.0.0
2023-11-04 22:26:52,599 [INFO] ThirdParty:967 - CMSIS Pack Vendor :STMicroelectronics X-CUBE-AI 8.1.0
2023-11-04 22:26:52,599 [INFO] ThirdParty:967 - CMSIS Pack Vendor :STMicroelectronics X-CUBE-AZRTOS-L4 2.0.0
2023-11-04 22:26:52,599 [INFO] ThirdParty:967 - CMSIS Pack Vendor :STMicroelectronics ThreadX 0.0.2
2023-11-04 22:26:52,599 [INFO] ThirdParty:967 - CMSIS Pack Vendor :WES I-CUBE-Cesium 1.3.0
2023-11-04 22:26:52,599 [INFO] ThirdParty:967 - CMSIS Pack Vendor :STMicroelectronics FP-ATR-ASTRA1 2.0.0
2023-11-04 22:26:52,599 [INFO] ThirdParty:967 - CMSIS Pack Vendor :STMicroelectronics lwIP 2.1.2
2023-11-04 22:26:52,599 [INFO] ThirdParty:967 - CMSIS Pack Vendor :STMicroelectronics X-CUBE-SFXS2LP1 4.0.0
2023-11-04 22:26:52,600 [INFO] ThirdParty:967 - CMSIS Pack Vendor :STMicroelectronics X-CUBE-BLE2 3.3.0
2023-11-04 22:26:52,600 [INFO] ThirdParty:967 - CMSIS Pack Vendor :STMicroelectronics PDM2PCM 3.2.0
2023-11-04 22:26:52,600 [INFO] ThirdParty:787 - exiting critical section [change project]
2023-11-04 22:26:52,832 [INFO] PinOutPanel:1463 - setPackage(No Configuration,No Configuration)
2023-11-04 22:26:52,833 [INFO] PinOutPanel:1463 - setPackage(STM32F103C6Ux,UFQFPN48)
2023-11-04 22:26:53,241 [INFO] UtilMem:74 - Before build in PCC Used Memory: 658568496 Bytes (714080256)
2023-11-04 22:26:53,932 [INFO] UtilMem:74 - After build in PCC Used Memory: 660838880 Bytes (714080256)
2023-11-04 22:26:53,964 [INFO] IPUIPlugin:74 - create IPUIPlugin
2023-11-04 22:26:53,965 [INFO] IPUIPlugin:74 - create IPUIPlugin
2023-11-04 22:26:53,965 [INFO] IPUIPlugin:74 - create IPUIPlugin
2023-11-04 22:26:53,966 [INFO] IPUIPlugin:74 - create IPUIPlugin
2023-11-04 22:26:53,966 [INFO] IPUIPlugin:74 - create IPUIPlugin
2023-11-04 22:26:53,966 [INFO] IPUIPlugin:74 - create IPUIPlugin
2023-11-04 22:26:53,966 [INFO] IPUIPlugin:74 - create IPUIPlugin
2023-11-04 22:26:53,966 [INFO] IPUIPlugin:74 - create IPUIPlugin
2023-11-04 22:26:53,967 [INFO] IPUIPlugin:74 - create IPUIPlugin
2023-11-04 22:26:53,967 [INFO] IPUIPlugin:74 - create IPUIPlugin
2023-11-04 22:26:53,967 [INFO] IPUIPlugin:74 - create IPUIPlugin
2023-11-04 22:26:53,968 [INFO] IPUIPlugin:74 - create IPUIPlugin
2023-11-04 22:26:53,968 [INFO] IPUIPlugin:74 - create IPUIPlugin
2023-11-04 22:26:53,969 [INFO] IPUIPlugin:74 - create IPUIPlugin
2023-11-04 22:26:53,969 [INFO] IPUIPlugin:74 - create IPUIPlugin
2023-11-04 22:26:53,970 [INFO] IPUIPlugin:74 - create IPUIPlugin
2023-11-04 22:26:53,971 [INFO] IPUIPlugin:74 - create IPUIPlugin
2023-11-04 22:26:53,971 [INFO] IPUIPlugin:74 - create IPUIPlugin
2023-11-04 22:26:53,972 [INFO] IPUIPlugin:74 - create IPUIPlugin
2023-11-04 22:26:53,972 [INFO] IPUIPlugin:74 - create IPUIPlugin
2023-11-04 22:26:53,972 [INFO] IPUIPlugin:74 - create IPUIPlugin
2023-11-04 22:26:53,973 [INFO] IPUIPlugin:74 - create IPUIPlugin
2023-11-04 22:26:53,973 [INFO] IPUIPlugin:74 - create IPUIPlugin
2023-11-04 22:26:54,143 [INFO] OpenFileManager:333 - Restore cursor
2023-11-04 22:26:54,515 [INFO] UtilMem:74 - End SaveConfig() Used Memory: 644173112 Bytes (714080256)
2023-11-04 22:26:54,560 [INFO] UtilMem:74 - End SaveConfig() Used Memory: 668853496 Bytes (714080256)
2023-11-04 22:26:54,905 [INFO] BlockDiagram:2740 - set Specific Code input for plugin: NVIC
2023-11-04 22:26:54,906 [INFO] BlockDiagram:2740 - set Specific Code input for plugin: SYS
2023-11-04 22:26:54,906 [INFO] BlockDiagram:2740 - set Specific Code input for plugin: RCC
2023-11-04 22:26:54,907 [INFO] CodeGenerator:663 - code generatio: config db path: C:\ST\STM32CubeIDE_1.7.0\STM32CubeIDE\plugins\com.st.stm32cube.common.mx_6.3.0.202107141111\\db\
2023-11-04 22:26:55,305 [INFO] CodeEngine:239 - oldGeneratedFile, D:\LAB_3\Source\MXTmpFiles\license.tmp_save
2023-11-04 22:26:55,695 [INFO] CodeEngine:257 - Generated code: D:\LAB_3\Source\MXTmpFiles\license.tmp
2023-11-04 22:26:55,838 [INFO] CodeEngine:239 - oldGeneratedFile, D:\LAB_3\Source\Core\Src\stm32f1xx_it.c_save
2023-11-04 22:26:55,959 [INFO] CodeEngine:257 - Generated code: D:\LAB_3\Source\Core\Src\stm32f1xx_it.c
2023-11-04 22:26:55,968 [INFO] CodeEngine:239 - oldGeneratedFile, D:\LAB_3\Source\Core\Inc\stm32f1xx_it.h_save
2023-11-04 22:26:56,036 [INFO] CodeEngine:257 - Generated code: D:\LAB_3\Source\Core\Inc\stm32f1xx_it.h
2023-11-04 22:26:56,054 [INFO] CodeEngine:239 - oldGeneratedFile, D:\LAB_3\Source\Core\Src\stm32f1xx_hal_msp.c_save
2023-11-04 22:26:56,206 [INFO] CodeEngine:257 - Generated code: D:\LAB_3\Source\Core\Src\stm32f1xx_hal_msp.c
2023-11-04 22:26:56,215 [INFO] CodeEngine:239 - oldGeneratedFile, D:\LAB_3\Source\MXTmpFiles\system.tmp_save
2023-11-04 22:26:56,293 [INFO] CodeEngine:257 - Generated code: D:\LAB_3\Source\MXTmpFiles\system.tmp
2023-11-04 22:26:56,310 [INFO] CodeEngine:239 - oldGeneratedFile, D:\LAB_3\Source\Core\Inc\stm32f1xx_hal_conf.h_save
2023-11-04 22:26:56,459 [INFO] CodeEngine:257 - Generated code: D:\LAB_3\Source\Core\Inc\stm32f1xx_hal_conf.h
2023-11-04 22:26:56,530 [INFO] CodeEngine:239 - oldGeneratedFile, D:\LAB_3\Source\Core\Inc\main.h_save
2023-11-04 22:26:56,661 [INFO] CodeEngine:257 - Generated code: D:\LAB_3\Source\Core\Inc\main.h
2023-11-04 22:26:56,672 [INFO] CodeEngine:239 - oldGeneratedFile, D:\LAB_3\Source\Core\Src\main.c_save
2023-11-04 22:26:56,787 [INFO] CodeEngine:257 - Generated code: D:\LAB_3\Source\Core\Src\main.c
2023-11-04 22:26:57,736 [INFO] ProjectBuilder:2578 - Time for Copy HAL[1] : 79mS.
2023-11-04 22:26:57,741 [INFO] ProjectBuilder:3622 - Project Generator version: 3.14.1
2023-11-04 22:26:58,309 [INFO] ConfigFileManager:1271 - The Die is : DIE412
2023-11-04 22:26:58,349 [INFO] ApiDbMcu:468 - Load IP Config File for FATFS
2023-11-04 22:26:58,404 [INFO] ApiDbMcu:468 - Load IP Config File for FREERTOS
2023-11-04 22:26:58,453 [INFO] ApiDbMcu:468 - Load IP Config File for USB_DEVICE
2023-11-04 22:27:03,238 [INFO] ProjectBuilder:3789 - Time for Generating toolchain IDE Files: 5497mS.
2023-11-04 22:27:03,239 [INFO] ProjectBuilder:2457 - Time for Copy CMSIS : 1mS.
2023-11-04 22:27:03,241 [INFO] ProjectBuilder:2457 - Time for Copy CMSIS : 0mS.
2023-11-04 22:27:04,428 [INFO] McuFinderGlobals:52 - Set McuFinderConnectedMode to true
2023-11-04 22:27:04,431 [INFO] ApiDb:276 - Save user favorites file C:\Users\Admin/.stm32cubeide/favorites.mcus.txt: 0 item(s)
2023-11-04 22:27:04,432 [INFO] ApiDb:280 - User favorites MCUs=[]
2023-11-04 22:42:31,199 [INFO] NvicIntPanel:96 - NVIC parent = com.st.microxplorer.plugins.ip.nvic.MultiNvicIntPanel[,0,0,0x0,invalid,layout=javax.swing.BoxLayout,alignmentX=0.0,alignmentY=0.0,border=,flags=9,maximumSize=,minimumSize=,preferredSize=]
2023-11-04 22:42:42,167 [INFO] NvicIntPanel:96 - NVIC parent = com.st.microxplorer.plugins.ip.nvic.MultiNvicIntPanel[,0,0,0x0,invalid,layout=javax.swing.BoxLayout,alignmentX=0.0,alignmentY=0.0,border=,flags=9,maximumSize=,minimumSize=,preferredSize=]
2023-11-04 22:44:08,398 [INFO] Gpio:254 - dependency for GPIO []
2023-11-04 22:44:50,332 [INFO] UtilMem:74 - End SaveConfig() Used Memory: 830614400 Bytes (965738496)
2023-11-04 22:44:51,355 [INFO] UtilMem:74 - End SaveConfig() Used Memory: 709128168 Bytes (965738496)
2023-11-04 22:44:53,268 [INFO] UtilMem:74 - End SaveConfig() Used Memory: 738009064 Bytes (965738496)
2023-11-04 22:44:53,576 [INFO] BlockDiagram:2740 - set Specific Code input for plugin: NVIC
2023-11-04 22:44:53,576 [INFO] BlockDiagram:2740 - set Specific Code input for plugin: SYS
2023-11-04 22:44:53,576 [INFO] BlockDiagram:2740 - set Specific Code input for plugin: GPIO
2023-11-04 22:44:53,576 [INFO] BlockDiagram:2740 - set Specific Code input for plugin: RCC
2023-11-04 22:44:53,577 [INFO] BlockDiagram:2740 - set Specific Code input for plugin: TIM1_8F1
2023-11-04 22:44:53,577 [INFO] CodeGenerator:663 - code generatio: config db path: C:\ST\STM32CubeIDE_1.7.0\STM32CubeIDE\plugins\com.st.stm32cube.common.mx_6.3.0.202107141111\\db\
2023-11-04 22:44:53,847 [INFO] CodeEngine:239 - oldGeneratedFile, D:\LAB_3\Source\MXTmpFiles\license.tmp_save
2023-11-04 22:44:53,924 [INFO] CodeEngine:257 - Generated code: D:\LAB_3\Source\MXTmpFiles\license.tmp
2023-11-04 22:44:54,004 [INFO] CodeEngine:239 - oldGeneratedFile, D:\LAB_3\Source\MXTmpFiles\gpio.tmp_save
2023-11-04 22:44:54,068 [INFO] CodeEngine:257 - Generated code: D:\LAB_3\Source\MXTmpFiles\gpio.tmp
2023-11-04 22:44:54,233 [INFO] CodeEngine:239 - oldGeneratedFile, D:\LAB_3\Source\Core\Src\stm32f1xx_it.c_save
2023-11-04 22:44:54,319 [INFO] CodeEngine:257 - Generated code: D:\LAB_3\Source\Core\Src\stm32f1xx_it.c
2023-11-04 22:44:54,323 [INFO] CodeEngine:239 - oldGeneratedFile, D:\LAB_3\Source\Core\Inc\stm32f1xx_it.h_save
2023-11-04 22:44:54,387 [INFO] CodeEngine:257 - Generated code: D:\LAB_3\Source\Core\Inc\stm32f1xx_it.h
2023-11-04 22:44:54,400 [INFO] CodeEngine:239 - oldGeneratedFile, D:\LAB_3\Source\Core\Src\stm32f1xx_hal_msp.c_save
2023-11-04 22:44:54,501 [INFO] CodeEngine:257 - Generated code: D:\LAB_3\Source\Core\Src\stm32f1xx_hal_msp.c
2023-11-04 22:44:54,503 [INFO] CodeEngine:239 - oldGeneratedFile, D:\LAB_3\Source\MXTmpFiles\system.tmp_save
2023-11-04 22:44:54,568 [INFO] CodeEngine:257 - Generated code: D:\LAB_3\Source\MXTmpFiles\system.tmp
2023-11-04 22:44:54,579 [INFO] CodeEngine:239 - oldGeneratedFile, D:\LAB_3\Source\Core\Inc\stm32f1xx_hal_conf.h_save
2023-11-04 22:44:54,653 [INFO] CodeEngine:257 - Generated code: D:\LAB_3\Source\Core\Inc\stm32f1xx_hal_conf.h
2023-11-04 22:44:54,666 [WARN] IPConfigManager:3148 - IP not found : TIM
2023-11-04 22:44:54,667 [WARN] CodeGenerator:3268 - IP not found : null
2023-11-04 22:44:54,679 [INFO] CodeEngine:239 - oldGeneratedFile, D:\LAB_3\Source\Core\Inc\main.h_save
2023-11-04 22:44:54,752 [INFO] CodeEngine:257 - Generated code: D:\LAB_3\Source\Core\Inc\main.h
2023-11-04 22:44:54,761 [INFO] CodeEngine:239 - oldGeneratedFile, D:\LAB_3\Source\Core\Src\main.c_save
2023-11-04 22:44:54,861 [INFO] CodeEngine:257 - Generated code: D:\LAB_3\Source\Core\Src\main.c
2023-11-04 22:44:55,527 [INFO] ProjectBuilder:2578 - Time for Copy HAL[1] : 43mS.
2023-11-04 22:44:55,529 [INFO] ProjectBuilder:3622 - Project Generator version: 3.14.1
2023-11-04 22:44:55,870 [INFO] ConfigFileManager:1271 - The Die is : DIE412
2023-11-04 22:44:57,456 [INFO] ProjectBuilder:3789 - Time for Generating toolchain IDE Files: 1927mS.
2023-11-04 22:44:57,456 [INFO] ProjectBuilder:2457 - Time for Copy CMSIS : 0mS.
2023-11-04 22:44:57,457 [INFO] ProjectBuilder:2457 - Time for Copy CMSIS : 0mS.
2023-11-04 23:04:32,626 [INFO] UtilMem:74 - End SaveConfig() Used Memory: 800693848 Bytes (1044381696)
2023-11-04 23:04:33,403 [INFO] UtilMem:74 - End SaveConfig() Used Memory: 824288856 Bytes (1044381696)
2023-11-04 23:04:34,941 [INFO] UtilMem:74 - End SaveConfig() Used Memory: 872523352 Bytes (1044381696)
2023-11-04 23:04:35,216 [INFO] BlockDiagram:2740 - set Specific Code input for plugin: NVIC
2023-11-04 23:04:35,216 [INFO] BlockDiagram:2740 - set Specific Code input for plugin: SYS
2023-11-04 23:04:35,217 [INFO] BlockDiagram:2740 - set Specific Code input for plugin: GPIO
2023-11-04 23:04:35,217 [INFO] BlockDiagram:2740 - set Specific Code input for plugin: RCC
2023-11-04 23:04:35,217 [INFO] BlockDiagram:2740 - set Specific Code input for plugin: TIM1_8F1
2023-11-04 23:04:35,217 [INFO] CodeGenerator:663 - code generatio: config db path: C:\ST\STM32CubeIDE_1.7.0\STM32CubeIDE\plugins\com.st.stm32cube.common.mx_6.3.0.202107141111\\db\
2023-11-04 23:04:35,501 [INFO] CodeEngine:239 - oldGeneratedFile, D:\LAB_3\Source\MXTmpFiles\license.tmp_save
2023-11-04 23:04:35,550 [INFO] CodeEngine:257 - Generated code: D:\LAB_3\Source\MXTmpFiles\license.tmp
2023-11-04 23:04:35,588 [INFO] CodeEngine:239 - oldGeneratedFile, D:\LAB_3\Source\MXTmpFiles\gpio.tmp_save
2023-11-04 23:04:35,640 [INFO] CodeEngine:257 - Generated code: D:\LAB_3\Source\MXTmpFiles\gpio.tmp
2023-11-04 23:04:35,730 [INFO] CodeEngine:239 - oldGeneratedFile, D:\LAB_3\Source\Core\Src\stm32f1xx_it.c_save
2023-11-04 23:04:35,803 [INFO] CodeEngine:257 - Generated code: D:\LAB_3\Source\Core\Src\stm32f1xx_it.c
2023-11-04 23:04:35,810 [INFO] CodeEngine:239 - oldGeneratedFile, D:\LAB_3\Source\Core\Inc\stm32f1xx_it.h_save
2023-11-04 23:04:35,861 [INFO] CodeEngine:257 - Generated code: D:\LAB_3\Source\Core\Inc\stm32f1xx_it.h
2023-11-04 23:04:35,872 [INFO] CodeEngine:239 - oldGeneratedFile, D:\LAB_3\Source\Core\Src\stm32f1xx_hal_msp.c_save
2023-11-04 23:04:35,946 [INFO] CodeEngine:257 - Generated code: D:\LAB_3\Source\Core\Src\stm32f1xx_hal_msp.c
2023-11-04 23:04:35,949 [INFO] CodeEngine:239 - oldGeneratedFile, D:\LAB_3\Source\MXTmpFiles\system.tmp_save
2023-11-04 23:04:35,992 [INFO] CodeEngine:257 - Generated code: D:\LAB_3\Source\MXTmpFiles\system.tmp
2023-11-04 23:04:36,003 [INFO] CodeEngine:239 - oldGeneratedFile, D:\LAB_3\Source\Core\Inc\stm32f1xx_hal_conf.h_save
2023-11-04 23:04:36,081 [INFO] CodeEngine:257 - Generated code: D:\LAB_3\Source\Core\Inc\stm32f1xx_hal_conf.h
2023-11-04 23:04:36,098 [WARN] IPConfigManager:3148 - IP not found : TIM
2023-11-04 23:04:36,099 [WARN] CodeGenerator:3268 - IP not found : null
2023-11-04 23:04:36,112 [INFO] CodeEngine:239 - oldGeneratedFile, D:\LAB_3\Source\Core\Inc\main.h_save
2023-11-04 23:04:36,184 [INFO] CodeEngine:257 - Generated code: D:\LAB_3\Source\Core\Inc\main.h
2023-11-04 23:04:36,194 [INFO] CodeEngine:239 - oldGeneratedFile, D:\LAB_3\Source\Core\Src\main.c_save
2023-11-04 23:04:36,321 [INFO] CodeEngine:257 - Generated code: D:\LAB_3\Source\Core\Src\main.c
2023-11-04 23:04:36,923 [INFO] ProjectBuilder:2578 - Time for Copy HAL[1] : 48mS.
2023-11-04 23:04:36,927 [INFO] ProjectBuilder:3622 - Project Generator version: 3.14.1
2023-11-04 23:04:37,285 [INFO] ConfigFileManager:1271 - The Die is : DIE412
2023-11-04 23:04:38,642 [INFO] ProjectBuilder:3789 - Time for Generating toolchain IDE Files: 1715mS.
2023-11-04 23:04:38,642 [INFO] ProjectBuilder:2457 - Time for Copy CMSIS : 0mS.
2023-11-04 23:04:38,643 [INFO] ProjectBuilder:2457 - Time for Copy CMSIS : 0mS.
2023-11-05 12:46:22,753 [INFO] Activator:177 - 


2023-11-05 12:46:22,755 [INFO] Activator:178 - !SESSION log4j initialized
2023-11-13 13:39:32,330 [INFO] Activator:177 - 


2023-11-13 13:39:32,332 [INFO] Activator:178 - !SESSION log4j initialized
